<?xml version="1.0" encoding="UTF-8"?>
<coverage generated="1693613560">
  <project timestamp="1693613560">
    <file name="/var/task/Thomas/Boards/Application/Queries/GetPlatformBoardDepartures.php">
      <class name="Thomas\Boards\Application\Queries\GetPlatformBoardDepartures" namespace="global">
        <metrics complexity="2" methods="2" coveredmethods="2" conditionals="0" coveredconditionals="0" statements="2" coveredstatements="2" elements="4" coveredelements="4"/>
      </class>
      <line num="13" type="method" name="__construct" visibility="public" complexity="1" crap="1" count="1"/>
      <line num="16" type="stmt" count="1"/>
      <line num="18" type="method" name="get" visibility="public" complexity="1" crap="1" count="1"/>
      <line num="20" type="stmt" count="1"/>
      <metrics loc="23" ncloc="23" classes="1" methods="2" coveredmethods="2" conditionals="0" coveredconditionals="0" statements="2" coveredstatements="2" elements="4" coveredelements="4"/>
    </file>
    <file name="/var/task/Thomas/Boards/Application/Queries/GetStationBoardArrivals.php">
      <class name="Thomas\Boards\Application\Queries\GetStationBoardArrivals" namespace="global">
        <metrics complexity="2" methods="2" coveredmethods="2" conditionals="0" coveredconditionals="0" statements="2" coveredstatements="2" elements="4" coveredelements="4"/>
      </class>
      <line num="13" type="method" name="__construct" visibility="public" complexity="1" crap="1" count="1"/>
      <line num="16" type="stmt" count="1"/>
      <line num="18" type="method" name="get" visibility="public" complexity="1" crap="1" count="1"/>
      <line num="20" type="stmt" count="1"/>
      <metrics loc="23" ncloc="23" classes="1" methods="2" coveredmethods="2" conditionals="0" coveredconditionals="0" statements="2" coveredstatements="2" elements="4" coveredelements="4"/>
    </file>
    <file name="/var/task/Thomas/Boards/Application/Queries/GetStationBoardDepartures.php">
      <class name="Thomas\Boards\Application\Queries\GetStationBoardDepartures" namespace="global">
        <metrics complexity="2" methods="2" coveredmethods="2" conditionals="0" coveredconditionals="0" statements="2" coveredstatements="2" elements="4" coveredelements="4"/>
      </class>
      <line num="13" type="method" name="__construct" visibility="public" complexity="1" crap="1" count="2"/>
      <line num="16" type="stmt" count="2"/>
      <line num="18" type="method" name="get" visibility="public" complexity="1" crap="1" count="1"/>
      <line num="20" type="stmt" count="1"/>
      <metrics loc="23" ncloc="23" classes="1" methods="2" coveredmethods="2" conditionals="0" coveredconditionals="0" statements="2" coveredstatements="2" elements="4" coveredelements="4"/>
    </file>
    <file name="/var/task/Thomas/Boards/Domain/Board.php">
      <class name="Thomas\Boards\Domain\Board" namespace="global">
        <metrics complexity="3" methods="3" coveredmethods="3" conditionals="0" coveredconditionals="0" statements="9" coveredstatements="9" elements="12" coveredelements="12"/>
      </class>
      <line num="13" type="method" name="__construct" visibility="public" complexity="1" crap="1" count="15"/>
      <line num="20" type="stmt" count="15"/>
      <line num="22" type="method" name="toArray" visibility="public" complexity="1" crap="1" count="4"/>
      <line num="24" type="stmt" count="4"/>
      <line num="25" type="stmt" count="4"/>
      <line num="26" type="stmt" count="4"/>
      <line num="27" type="stmt" count="4"/>
      <line num="28" type="stmt" count="4"/>
      <line num="29" type="stmt" count="4"/>
      <line num="30" type="stmt" count="4"/>
      <line num="33" type="method" name="jsonSerialize" visibility="public" complexity="1" crap="1" count="3"/>
      <line num="35" type="stmt" count="3"/>
      <metrics loc="38" ncloc="38" classes="1" methods="3" coveredmethods="3" conditionals="0" coveredconditionals="0" statements="9" coveredstatements="9" elements="12" coveredelements="12"/>
    </file>
    <file name="/var/task/Thomas/Boards/Domain/BoardDataService.php">
      <metrics loc="16" ncloc="16" classes="0" methods="0" coveredmethods="0" conditionals="0" coveredconditionals="0" statements="0" coveredstatements="0" elements="0" coveredelements="0"/>
    </file>
    <file name="/var/task/Thomas/Boards/Domain/BoardTitle.php">
      <class name="Thomas\Boards\Domain\BoardTitle" namespace="global">
        <metrics complexity="3" methods="3" coveredmethods="3" conditionals="0" coveredconditionals="0" statements="3" coveredstatements="3" elements="6" coveredelements="6"/>
      </class>
      <line num="11" type="method" name="__construct" visibility="public" complexity="1" crap="1" count="16"/>
      <line num="14" type="stmt" count="16"/>
      <line num="16" type="method" name="__toString" visibility="public" complexity="1" crap="1" count="5"/>
      <line num="18" type="stmt" count="5"/>
      <line num="21" type="method" name="jsonSerialize" visibility="public" complexity="1" crap="1" count="4"/>
      <line num="23" type="stmt" count="4"/>
      <metrics loc="26" ncloc="26" classes="1" methods="3" coveredmethods="3" conditionals="0" coveredconditionals="0" statements="3" coveredstatements="3" elements="6" coveredelements="6"/>
    </file>
    <file name="/var/task/Thomas/Boards/Domain/BoardType.php">
      <class name="Thomas\Boards\Domain\BoardType" namespace="global">
        <metrics complexity="4" methods="3" coveredmethods="3" conditionals="0" coveredconditionals="0" statements="4" coveredstatements="4" elements="7" coveredelements="7"/>
      </class>
      <line num="22" type="method" name="__construct" visibility="public" complexity="2" crap="2" count="17"/>
      <line num="25" type="stmt" count="17"/>
      <line num="26" type="stmt" count="1"/>
      <line num="30" type="method" name="__toString" visibility="public" complexity="1" crap="1" count="5"/>
      <line num="32" type="stmt" count="5"/>
      <line num="35" type="method" name="jsonSerialize" visibility="public" complexity="1" crap="1" count="4"/>
      <line num="37" type="stmt" count="4"/>
      <metrics loc="40" ncloc="40" classes="1" methods="3" coveredmethods="3" conditionals="0" coveredconditionals="0" statements="4" coveredstatements="4" elements="7" coveredelements="7"/>
    </file>
    <file name="/var/task/Thomas/Boards/Domain/Exceptions/InvalidBoardType.php">
      <class name="Thomas\Boards\Domain\Exceptions\InvalidBoardType" namespace="global">
        <metrics complexity="2" methods="2" coveredmethods="2" conditionals="0" coveredconditionals="0" statements="2" coveredstatements="2" elements="4" coveredelements="4"/>
      </class>
      <line num="11" type="method" name="__construct" visibility="private" complexity="1" crap="1" count="1"/>
      <line num="13" type="stmt" count="1"/>
      <line num="16" type="method" name="fromString" visibility="public" complexity="1" crap="1" count="1"/>
      <line num="18" type="stmt" count="1"/>
      <metrics loc="21" ncloc="21" classes="1" methods="2" coveredmethods="2" conditionals="0" coveredconditionals="0" statements="2" coveredstatements="2" elements="4" coveredelements="4"/>
    </file>
    <file name="/var/task/Thomas/Boards/Domain/Service.php">
      <class name="Thomas\Boards\Domain\Service" namespace="global">
        <metrics complexity="4" methods="4" coveredmethods="4" conditionals="0" coveredconditionals="0" statements="19" coveredstatements="19" elements="23" coveredelements="23"/>
      </class>
      <line num="11" type="method" name="__construct" visibility="public" complexity="1" crap="1" count="15"/>
      <line num="22" type="stmt" count="15"/>
      <line num="24" type="method" name="toArray" visibility="public" complexity="1" crap="1" count="3"/>
      <line num="26" type="stmt" count="3"/>
      <line num="27" type="stmt" count="3"/>
      <line num="28" type="stmt" count="3"/>
      <line num="29" type="stmt" count="3"/>
      <line num="30" type="stmt" count="3"/>
      <line num="31" type="stmt" count="3"/>
      <line num="32" type="stmt" count="3"/>
      <line num="33" type="stmt" count="3"/>
      <line num="34" type="stmt" count="3"/>
      <line num="35" type="stmt" count="3"/>
      <line num="36" type="stmt" count="3"/>
      <line num="39" type="method" name="display" visibility="public" complexity="1" crap="1" count="1"/>
      <line num="41" type="stmt" count="1"/>
      <line num="42" type="stmt" count="1"/>
      <line num="43" type="stmt" count="1"/>
      <line num="44" type="stmt" count="1"/>
      <line num="45" type="stmt" count="1"/>
      <line num="46" type="stmt" count="1"/>
      <line num="49" type="method" name="jsonSerialize" visibility="public" complexity="1" crap="1" count="3"/>
      <line num="51" type="stmt" count="3"/>
      <metrics loc="54" ncloc="54" classes="1" methods="4" coveredmethods="4" conditionals="0" coveredconditionals="0" statements="19" coveredstatements="19" elements="23" coveredelements="23"/>
    </file>
    <file name="/var/task/Thomas/Boards/Providers/NationalRailEnquiries/NREBoardMapper.php">
      <class name="Thomas\Boards\Providers\NationalRailEnquiries\NREBoardMapper" namespace="global">
        <metrics complexity="24" methods="17" coveredmethods="17" conditionals="0" coveredconditionals="0" statements="84" coveredstatements="84" elements="101" coveredelements="101"/>
      </class>
      <line num="18" type="method" name="toDepartureBoard" visibility="public" complexity="1" crap="1" count="6"/>
      <line num="20" type="stmt" count="6"/>
      <line num="23" type="method" name="toArrivalBoard" visibility="public" complexity="1" crap="1" count="4"/>
      <line num="25" type="stmt" count="4"/>
      <line num="28" type="method" name="toPlatformBoard" visibility="public" complexity="1" crap="1" count="4"/>
      <line num="30" type="stmt" count="4"/>
      <line num="33" type="method" name="toBoard" visibility="private" complexity="1" crap="1" count="12"/>
      <line num="35" type="stmt" count="12"/>
      <line num="37" type="stmt" count="12"/>
      <line num="38" type="stmt" count="12"/>
      <line num="39" type="stmt" count="12"/>
      <line num="40" type="stmt" count="12"/>
      <line num="41" type="stmt" count="12"/>
      <line num="42" type="stmt" count="12"/>
      <line num="43" type="stmt" count="12"/>
      <line num="46" type="method" name="cleanMessage" visibility="private" complexity="1" crap="1" count="9"/>
      <line num="48" type="stmt" count="9"/>
      <line num="49" type="stmt" count="9"/>
      <line num="50" type="stmt" count="9"/>
      <line num="51" type="stmt" count="9"/>
      <line num="53" type="stmt" count="9"/>
      <line num="56" type="method" name="parseServices" visibility="private" complexity="1" crap="1" count="12"/>
      <line num="58" type="stmt" count="12"/>
      <line num="59" type="stmt" count="12"/>
      <line num="60" type="stmt" count="12"/>
      <line num="61" type="stmt" count="12"/>
      <line num="64" type="method" name="parseService" visibility="private" complexity="2" crap="2" count="12"/>
      <line num="66" type="stmt" count="12"/>
      <line num="67" type="stmt" count="12"/>
      <line num="68" type="stmt" count="12"/>
      <line num="69" type="stmt" count="12"/>
      <line num="70" type="stmt" count="12"/>
      <line num="71" type="stmt" count="12"/>
      <line num="72" type="stmt" count="12"/>
      <line num="73" type="stmt" count="12"/>
      <line num="74" type="stmt" count="12"/>
      <line num="75" type="stmt" count="12"/>
      <line num="76" type="stmt" count="12"/>
      <line num="79" type="method" name="parseCallingPoints" visibility="private" complexity="1" crap="1" count="9"/>
      <line num="81" type="stmt" count="9"/>
      <line num="82" type="stmt" count="9"/>
      <line num="83" type="stmt" count="9"/>
      <line num="84" type="stmt" count="9"/>
      <line num="87" type="method" name="getCallingAt" visibility="private" complexity="3" crap="3" count="12"/>
      <line num="89" type="stmt" count="12"/>
      <line num="90" type="stmt" count="5"/>
      <line num="93" type="stmt" count="9"/>
      <line num="95" type="stmt" count="9"/>
      <line num="96" type="stmt" count="1"/>
      <line num="99" type="stmt" count="9"/>
      <line num="101" type="stmt" count="9"/>
      <line num="104" type="method" name="getTimeFromPoint" visibility="private" complexity="2" crap="2" count="9"/>
      <line num="106" type="stmt" count="9"/>
      <line num="108" type="stmt" count="9"/>
      <line num="111" type="method" name="cleanTimeString" visibility="private" complexity="3" crap="3" count="12"/>
      <line num="113" type="stmt" count="12"/>
      <line num="114" type="stmt" count="12"/>
      <line num="117" type="stmt" count="12"/>
      <line num="120" type="method" name="getScheduledTime" visibility="private" complexity="1" crap="1" count="12"/>
      <line num="122" type="stmt" count="12"/>
      <line num="123" type="stmt" count="12"/>
      <line num="124" type="stmt" count="12"/>
      <line num="125" type="stmt" count="12"/>
      <line num="126" type="stmt" count="12"/>
      <line num="128" type="stmt" count="12"/>
      <line num="131" type="method" name="getPlatform" visibility="private" complexity="2" crap="2" count="12"/>
      <line num="133" type="stmt" count="12"/>
      <line num="136" type="method" name="getEstimatedTime" visibility="private" complexity="1" crap="1" count="12"/>
      <line num="138" type="stmt" count="12"/>
      <line num="139" type="stmt" count="12"/>
      <line num="140" type="stmt" count="12"/>
      <line num="141" type="stmt" count="12"/>
      <line num="142" type="stmt" count="12"/>
      <line num="144" type="stmt" count="12"/>
      <line num="147" type="method" name="getDestinationOrOriginFromLocations" visibility="private" complexity="1" crap="1" count="12"/>
      <line num="149" type="stmt" count="12"/>
      <line num="150" type="stmt" count="12"/>
      <line num="151" type="stmt" count="12"/>
      <line num="152" type="stmt" count="12"/>
      <line num="153" type="stmt" count="12"/>
      <line num="155" type="stmt" count="12"/>
      <line num="156" type="stmt" count="12"/>
      <line num="157" type="stmt" count="12"/>
      <line num="158" type="stmt" count="12"/>
      <line num="159" type="stmt" count="12"/>
      <line num="160" type="stmt" count="12"/>
      <line num="161" type="stmt" count="12"/>
      <line num="164" type="method" name="getMessages" visibility="private" complexity="1" crap="1" count="12"/>
      <line num="166" type="stmt" count="12"/>
      <line num="167" type="stmt" count="12"/>
      <line num="168" type="stmt" count="12"/>
      <line num="169" type="stmt" count="12"/>
      <line num="172" type="method" name="getOperators" visibility="private" complexity="1" crap="1" count="12"/>
      <line num="174" type="stmt" count="12"/>
      <line num="175" type="stmt" count="12"/>
      <line num="176" type="stmt" count="12"/>
      <line num="177" type="stmt" count="12"/>
      <line num="178" type="stmt" count="12"/>
      <line num="179" type="stmt" count="12"/>
      <line num="180" type="stmt" count="12"/>
      <line num="181" type="stmt" count="12"/>
      <metrics loc="184" ncloc="184" classes="1" methods="17" coveredmethods="17" conditionals="0" coveredconditionals="0" statements="84" coveredstatements="84" elements="101" coveredelements="101"/>
    </file>
    <file name="/var/task/Thomas/Boards/Providers/NationalRailEnquiries/NationalRailEnquiriesService.php">
      <class name="Thomas\Boards\Providers\NationalRailEnquiries\NationalRailEnquiriesService" namespace="global">
        <metrics complexity="7" methods="5" coveredmethods="5" conditionals="0" coveredconditionals="0" statements="18" coveredstatements="18" elements="23" coveredelements="23"/>
      </class>
      <line num="15" type="method" name="__construct" visibility="public" complexity="1" crap="1" count="8"/>
      <line num="20" type="stmt" count="8"/>
      <line num="22" type="method" name="departures" visibility="public" complexity="1" crap="1" count="3"/>
      <line num="24" type="stmt" count="3"/>
      <line num="25" type="stmt" count="3"/>
      <line num="27" type="stmt" count="3"/>
      <line num="30" type="method" name="arrivals" visibility="public" complexity="1" crap="1" count="3"/>
      <line num="32" type="stmt" count="3"/>
      <line num="33" type="stmt" count="3"/>
      <line num="35" type="stmt" count="3"/>
      <line num="38" type="method" name="departuresPlatform" visibility="public" complexity="3" crap="3" count="3"/>
      <line num="40" type="stmt" count="3"/>
      <line num="42" type="stmt" count="3"/>
      <line num="44" type="stmt" count="3"/>
      <line num="45" type="stmt" count="3"/>
      <line num="46" type="stmt" count="3"/>
      <line num="47" type="stmt" count="3"/>
      <line num="49" type="stmt" count="3"/>
      <line num="50" type="stmt" count="3"/>
      <line num="53" type="stmt" count="3"/>
      <line num="55" type="stmt" count="3"/>
      <line num="58" type="method" name="getBoard" visibility="private" complexity="1" crap="1" count="7"/>
      <line num="60" type="stmt" count="7"/>
      <metrics loc="63" ncloc="63" classes="1" methods="5" coveredmethods="5" conditionals="0" coveredconditionals="0" statements="18" coveredstatements="18" elements="23" coveredelements="23"/>
    </file>
    <file name="/var/task/Thomas/Boards/Providers/RealTimeTrains/Exceptions/InvalidServiceUid.php">
      <class name="Thomas\Boards\Providers\RealTimeTrains\Exceptions\InvalidServiceUid" namespace="global">
        <metrics complexity="2" methods="2" coveredmethods="2" conditionals="0" coveredconditionals="0" statements="2" coveredstatements="2" elements="4" coveredelements="4"/>
      </class>
      <line num="11" type="method" name="__construct" visibility="private" complexity="1" crap="1" count="1"/>
      <line num="13" type="stmt" count="1"/>
      <line num="16" type="method" name="fromString" visibility="public" complexity="1" crap="1" count="1"/>
      <line num="18" type="stmt" count="1"/>
      <metrics loc="21" ncloc="21" classes="1" methods="2" coveredmethods="2" conditionals="0" coveredconditionals="0" statements="2" coveredstatements="2" elements="4" coveredelements="4"/>
    </file>
    <file name="/var/task/Thomas/Boards/Providers/RealTimeTrains/RTTBoardMapper.php">
      <class name="Thomas\Boards\Providers\RealTimeTrains\RTTBoardMapper" namespace="global">
        <metrics complexity="12" methods="9" coveredmethods="9" conditionals="0" coveredconditionals="0" statements="61" coveredstatements="61" elements="70" coveredelements="70"/>
      </class>
      <line num="17" type="method" name="toDepartureBoard" visibility="public" complexity="1" crap="1" count="1"/>
      <line num="19" type="stmt" count="1"/>
      <line num="20" type="stmt" count="1"/>
      <line num="21" type="stmt" count="1"/>
      <line num="22" type="stmt" count="1"/>
      <line num="23" type="stmt" count="1"/>
      <line num="24" type="stmt" count="1"/>
      <line num="25" type="stmt" count="1"/>
      <line num="28" type="method" name="toArrivalBoard" visibility="public" complexity="1" crap="1" count="1"/>
      <line num="30" type="stmt" count="1"/>
      <line num="31" type="stmt" count="1"/>
      <line num="32" type="stmt" count="1"/>
      <line num="33" type="stmt" count="1"/>
      <line num="34" type="stmt" count="1"/>
      <line num="35" type="stmt" count="1"/>
      <line num="36" type="stmt" count="1"/>
      <line num="39" type="method" name="toPlatformBoard" visibility="public" complexity="1" crap="1" count="1"/>
      <line num="41" type="stmt" count="1"/>
      <line num="42" type="stmt" count="1"/>
      <line num="43" type="stmt" count="1"/>
      <line num="44" type="stmt" count="1"/>
      <line num="45" type="stmt" count="1"/>
      <line num="46" type="stmt" count="1"/>
      <line num="47" type="stmt" count="1"/>
      <line num="51" type="method" name="parseServices" visibility="private" complexity="1" crap="1" count="3"/>
      <line num="53" type="stmt" count="3"/>
      <line num="54" type="stmt" count="3"/>
      <line num="55" type="stmt" count="3"/>
      <line num="56" type="stmt" count="3"/>
      <line num="59" type="method" name="parseService" visibility="private" complexity="2" crap="2" count="3"/>
      <line num="61" type="stmt" count="3"/>
      <line num="62" type="stmt" count="3"/>
      <line num="63" type="stmt" count="3"/>
      <line num="64" type="stmt" count="3"/>
      <line num="65" type="stmt" count="3"/>
      <line num="66" type="stmt" count="3"/>
      <line num="67" type="stmt" count="3"/>
      <line num="68" type="stmt" count="3"/>
      <line num="69" type="stmt" count="3"/>
      <line num="70" type="stmt" count="3"/>
      <line num="71" type="stmt" count="3"/>
      <line num="74" type="method" name="getScheduledTime" visibility="private" complexity="1" crap="1" count="3"/>
      <line num="76" type="stmt" count="3"/>
      <line num="77" type="stmt" count="3"/>
      <line num="78" type="stmt" count="3"/>
      <line num="79" type="stmt" count="3"/>
      <line num="80" type="stmt" count="3"/>
      <line num="83" type="method" name="getDestinationOrOrigin" visibility="private" complexity="1" crap="1" count="3"/>
      <line num="85" type="stmt" count="3"/>
      <line num="86" type="stmt" count="3"/>
      <line num="87" type="stmt" count="3"/>
      <line num="88" type="stmt" count="3"/>
      <line num="89" type="stmt" count="3"/>
      <line num="92" type="method" name="getExpectedTime" visibility="private" complexity="3" crap="3" count="3"/>
      <line num="94" type="stmt" count="3"/>
      <line num="95" type="stmt" count="1"/>
      <line num="98" type="stmt" count="3"/>
      <line num="99" type="stmt" count="3"/>
      <line num="100" type="stmt" count="3"/>
      <line num="101" type="stmt" count="3"/>
      <line num="102" type="stmt" count="3"/>
      <line num="104" type="stmt" count="3"/>
      <line num="106" type="stmt" count="3"/>
      <line num="107" type="stmt" count="3"/>
      <line num="110" type="stmt" count="2"/>
      <line num="113" type="method" name="getOperators" visibility="private" complexity="1" crap="1" count="3"/>
      <line num="115" type="stmt" count="3"/>
      <line num="116" type="stmt" count="3"/>
      <line num="117" type="stmt" count="3"/>
      <line num="118" type="stmt" count="3"/>
      <metrics loc="121" ncloc="121" classes="1" methods="9" coveredmethods="9" conditionals="0" coveredconditionals="0" statements="61" coveredstatements="61" elements="70" coveredelements="70"/>
    </file>
    <file name="/var/task/Thomas/Boards/Providers/RealTimeTrains/RealTimeTrainsService.php">
      <class name="Thomas\Boards\Providers\RealTimeTrains\RealTimeTrainsService" namespace="global">
        <metrics complexity="8" methods="6" coveredmethods="6" conditionals="0" coveredconditionals="0" statements="30" coveredstatements="30" elements="36" coveredelements="36"/>
      </class>
      <line num="15" type="method" name="__construct" visibility="public" complexity="1" crap="1" count="3"/>
      <line num="20" type="stmt" count="3"/>
      <line num="22" type="method" name="departures" visibility="public" complexity="1" crap="1" count="1"/>
      <line num="24" type="stmt" count="1"/>
      <line num="25" type="stmt" count="1"/>
      <line num="26" type="stmt" count="1"/>
      <line num="28" type="stmt" count="1"/>
      <line num="30" type="stmt" count="1"/>
      <line num="33" type="method" name="arrivals" visibility="public" complexity="1" crap="1" count="1"/>
      <line num="35" type="stmt" count="1"/>
      <line num="36" type="stmt" count="1"/>
      <line num="37" type="stmt" count="1"/>
      <line num="38" type="stmt" count="1"/>
      <line num="40" type="stmt" count="1"/>
      <line num="42" type="stmt" count="1"/>
      <line num="45" type="method" name="departuresPlatform" visibility="public" complexity="1" crap="1" count="1"/>
      <line num="47" type="stmt" count="1"/>
      <line num="48" type="stmt" count="1"/>
      <line num="49" type="stmt" count="1"/>
      <line num="51" type="stmt" count="1"/>
      <line num="53" type="stmt" count="1"/>
      <line num="56" type="method" name="parseServices" visibility="private" complexity="1" crap="1" count="3"/>
      <line num="58" type="stmt" count="3"/>
      <line num="59" type="stmt" count="3"/>
      <line num="60" type="stmt" count="3"/>
      <line num="61" type="stmt" count="3"/>
      <line num="62" type="stmt" count="3"/>
      <line num="63" type="stmt" count="3"/>
      <line num="64" type="stmt" count="3"/>
      <line num="65" type="stmt" count="3"/>
      <line num="68" type="method" name="filterTrainServices" visibility="private" complexity="3" crap="3" count="3"/>
      <line num="70" type="stmt" count="3"/>
      <line num="72" type="stmt" count="3"/>
      <line num="73" type="stmt" count="2"/>
      <line num="75" type="stmt" count="1"/>
      <line num="78" type="stmt" count="3"/>
      <metrics loc="81" ncloc="81" classes="1" methods="6" coveredmethods="6" conditionals="0" coveredconditionals="0" statements="30" coveredstatements="30" elements="36" coveredelements="36"/>
    </file>
    <file name="/var/task/Thomas/Boards/Providers/RealTimeTrains/ServiceUid.php">
      <class name="Thomas\Boards\Providers\RealTimeTrains\ServiceUid" namespace="global">
        <metrics complexity="4" methods="3" coveredmethods="3" conditionals="0" coveredconditionals="0" statements="4" coveredstatements="4" elements="7" coveredelements="7"/>
      </class>
      <line num="13" type="method" name="__construct" visibility="public" complexity="2" crap="2" count="2"/>
      <line num="16" type="stmt" count="2"/>
      <line num="17" type="stmt" count="1"/>
      <line num="21" type="method" name="__toString" visibility="public" complexity="1" crap="1" count="1"/>
      <line num="23" type="stmt" count="1"/>
      <line num="26" type="method" name="jsonSerialize" visibility="public" complexity="1" crap="1" count="1"/>
      <line num="28" type="stmt" count="1"/>
      <metrics loc="31" ncloc="31" classes="1" methods="3" coveredmethods="3" conditionals="0" coveredconditionals="0" statements="4" coveredstatements="4" elements="7" coveredelements="7"/>
    </file>
    <file name="/var/task/Thomas/LiftsAndEscalators/Application/Queries/GetStationAssets.php">
      <class name="Thomas\LiftsAndEscalators\Application\Queries\GetStationAssets" namespace="global">
        <metrics complexity="3" methods="2" coveredmethods="2" conditionals="0" coveredconditionals="0" statements="10" coveredstatements="10" elements="12" coveredelements="12"/>
      </class>
      <line num="15" type="method" name="__construct" visibility="public" complexity="1" crap="1" count="3"/>
      <line num="19" type="stmt" count="3"/>
      <line num="21" type="method" name="get" visibility="public" complexity="2" crap="2" count="3"/>
      <line num="23" type="stmt" count="3"/>
      <line num="25" type="stmt" count="3"/>
      <line num="26" type="stmt" count="3"/>
      <line num="27" type="stmt" count="3"/>
      <line num="30" type="stmt" count="3"/>
      <line num="31" type="stmt" count="3"/>
      <line num="32" type="stmt" count="3"/>
      <line num="33" type="stmt" count="3"/>
      <line num="34" type="stmt" count="3"/>
      <metrics loc="37" ncloc="37" classes="1" methods="2" coveredmethods="2" conditionals="0" coveredconditionals="0" statements="10" coveredstatements="10" elements="12" coveredelements="12"/>
    </file>
    <file name="/var/task/Thomas/LiftsAndEscalators/Domain/Asset.php">
      <class name="Thomas\LiftsAndEscalators\Domain\Asset" namespace="global">
        <metrics complexity="9" methods="6" coveredmethods="6" conditionals="0" coveredconditionals="0" statements="26" coveredstatements="26" elements="32" coveredelements="32"/>
      </class>
      <line num="20" type="method" name="__construct" visibility="public" complexity="1" crap="1" count="7"/>
      <line num="31" type="stmt" count="7"/>
      <line num="33" type="method" name="isLift" visibility="public" complexity="1" crap="1" count="1"/>
      <line num="35" type="stmt" count="1"/>
      <line num="38" type="method" name="isEscalator" visibility="public" complexity="1" crap="1" count="1"/>
      <line num="40" type="stmt" count="1"/>
      <line num="43" type="method" name="toArray" visibility="public" complexity="1" crap="1" count="5"/>
      <line num="45" type="stmt" count="5"/>
      <line num="46" type="stmt" count="5"/>
      <line num="47" type="stmt" count="5"/>
      <line num="48" type="stmt" count="5"/>
      <line num="49" type="stmt" count="5"/>
      <line num="50" type="stmt" count="5"/>
      <line num="51" type="stmt" count="5"/>
      <line num="52" type="stmt" count="5"/>
      <line num="53" type="stmt" count="5"/>
      <line num="54" type="stmt" count="5"/>
      <line num="55" type="stmt" count="5"/>
      <line num="58" type="method" name="jsonSerialize" visibility="public" complexity="1" crap="1" count="4"/>
      <line num="60" type="stmt" count="4"/>
      <line num="63" type="method" name="fromArray" visibility="public" complexity="4" crap="4" count="7"/>
      <line num="65" type="stmt" count="7"/>
      <line num="66" type="stmt" count="7"/>
      <line num="67" type="stmt" count="7"/>
      <line num="68" type="stmt" count="7"/>
      <line num="69" type="stmt" count="7"/>
      <line num="70" type="stmt" count="7"/>
      <line num="71" type="stmt" count="7"/>
      <line num="72" type="stmt" count="7"/>
      <line num="73" type="stmt" count="7"/>
      <line num="74" type="stmt" count="7"/>
      <line num="75" type="stmt" count="7"/>
      <metrics loc="78" ncloc="78" classes="1" methods="6" coveredmethods="6" conditionals="0" coveredconditionals="0" statements="26" coveredstatements="26" elements="32" coveredelements="32"/>
    </file>
    <file name="/var/task/Thomas/LiftsAndEscalators/Domain/AssetId.php">
      <class name="Thomas\LiftsAndEscalators\Domain\AssetId" namespace="global">
        <metrics complexity="4" methods="4" coveredmethods="4" conditionals="0" coveredconditionals="0" statements="4" coveredstatements="4" elements="8" coveredelements="8"/>
      </class>
      <line num="11" type="method" name="__construct" visibility="public" complexity="1" crap="1" count="9"/>
      <line num="14" type="stmt" count="9"/>
      <line num="16" type="method" name="value" visibility="public" complexity="1" crap="1" count="3"/>
      <line num="18" type="stmt" count="3"/>
      <line num="21" type="method" name="__toString" visibility="public" complexity="1" crap="1" count="5"/>
      <line num="23" type="stmt" count="5"/>
      <line num="26" type="method" name="jsonSerialize" visibility="public" complexity="1" crap="1" count="4"/>
      <line num="28" type="stmt" count="4"/>
      <metrics loc="31" ncloc="31" classes="1" methods="4" coveredmethods="4" conditionals="0" coveredconditionals="0" statements="4" coveredstatements="4" elements="8" coveredelements="8"/>
    </file>
    <file name="/var/task/Thomas/LiftsAndEscalators/Domain/AssetStatus.php">
      <class name="Thomas\LiftsAndEscalators\Domain\AssetStatus" namespace="global">
        <metrics complexity="4" methods="4" coveredmethods="4" conditionals="0" coveredconditionals="0" statements="16" coveredstatements="16" elements="20" coveredelements="20"/>
      </class>
      <line num="13" type="method" name="__construct" visibility="public" complexity="1" crap="1" count="9"/>
      <line num="21" type="stmt" count="9"/>
      <line num="23" type="method" name="toArray" visibility="public" complexity="1" crap="1" count="4"/>
      <line num="25" type="stmt" count="4"/>
      <line num="26" type="stmt" count="4"/>
      <line num="27" type="stmt" count="4"/>
      <line num="28" type="stmt" count="4"/>
      <line num="29" type="stmt" count="4"/>
      <line num="30" type="stmt" count="4"/>
      <line num="31" type="stmt" count="4"/>
      <line num="34" type="method" name="jsonSerialize" visibility="public" complexity="1" crap="1" count="4"/>
      <line num="36" type="stmt" count="4"/>
      <line num="39" type="method" name="fromArray" visibility="public" complexity="1" crap="1" count="9"/>
      <line num="41" type="stmt" count="9"/>
      <line num="42" type="stmt" count="9"/>
      <line num="43" type="stmt" count="9"/>
      <line num="44" type="stmt" count="9"/>
      <line num="45" type="stmt" count="9"/>
      <line num="46" type="stmt" count="9"/>
      <line num="47" type="stmt" count="9"/>
      <metrics loc="50" ncloc="50" classes="1" methods="4" coveredmethods="4" conditionals="0" coveredconditionals="0" statements="16" coveredstatements="16" elements="20" coveredelements="20"/>
    </file>
    <file name="/var/task/Thomas/LiftsAndEscalators/Domain/AssetStatuses.php">
      <class name="Thomas\LiftsAndEscalators\Domain\AssetStatuses" namespace="global">
        <metrics complexity="0" methods="0" coveredmethods="0" conditionals="0" coveredconditionals="0" statements="0" coveredstatements="0" elements="0" coveredelements="0"/>
      </class>
      <metrics loc="14" ncloc="14" classes="0" methods="0" coveredmethods="0" conditionals="0" coveredconditionals="0" statements="0" coveredstatements="0" elements="0" coveredelements="0"/>
    </file>
    <file name="/var/task/Thomas/LiftsAndEscalators/Domain/AssetType.php">
      <class name="Thomas\LiftsAndEscalators\Domain\AssetType" namespace="global">
        <metrics complexity="4" methods="3" coveredmethods="3" conditionals="0" coveredconditionals="0" statements="4" coveredstatements="4" elements="7" coveredelements="7"/>
      </class>
      <line num="20" type="method" name="__construct" visibility="public" complexity="2" crap="2" count="9"/>
      <line num="23" type="stmt" count="9"/>
      <line num="24" type="stmt" count="1"/>
      <line num="28" type="method" name="__toString" visibility="public" complexity="1" crap="1" count="5"/>
      <line num="30" type="stmt" count="5"/>
      <line num="33" type="method" name="jsonSerialize" visibility="public" complexity="1" crap="1" count="5"/>
      <line num="35" type="stmt" count="5"/>
      <metrics loc="38" ncloc="38" classes="1" methods="3" coveredmethods="3" conditionals="0" coveredconditionals="0" statements="4" coveredstatements="4" elements="7" coveredelements="7"/>
    </file>
    <file name="/var/task/Thomas/LiftsAndEscalators/Domain/Assets.php">
      <class name="Thomas\LiftsAndEscalators\Domain\Assets" namespace="global">
        <metrics complexity="2" methods="2" coveredmethods="2" conditionals="0" coveredconditionals="0" statements="2" coveredstatements="2" elements="4" coveredelements="4"/>
      </class>
      <line num="14" type="method" name="lifts" visibility="public" complexity="1" crap="1" count="1"/>
      <line num="16" type="stmt" count="1"/>
      <line num="19" type="method" name="escalators" visibility="public" complexity="1" crap="1" count="1"/>
      <line num="21" type="stmt" count="1"/>
      <metrics loc="24" ncloc="24" classes="1" methods="2" coveredmethods="2" conditionals="0" coveredconditionals="0" statements="2" coveredstatements="2" elements="4" coveredelements="4"/>
    </file>
    <file name="/var/task/Thomas/LiftsAndEscalators/Domain/Description.php">
      <class name="Thomas\LiftsAndEscalators\Domain\Description" namespace="global">
        <metrics complexity="3" methods="3" coveredmethods="3" conditionals="0" coveredconditionals="0" statements="3" coveredstatements="3" elements="6" coveredelements="6"/>
      </class>
      <line num="11" type="method" name="__construct" visibility="public" complexity="1" crap="1" count="7"/>
      <line num="14" type="stmt" count="7"/>
      <line num="16" type="method" name="__toString" visibility="public" complexity="1" crap="1" count="4"/>
      <line num="18" type="stmt" count="4"/>
      <line num="21" type="method" name="jsonSerialize" visibility="public" complexity="1" crap="1" count="4"/>
      <line num="23" type="stmt" count="4"/>
      <metrics loc="26" ncloc="26" classes="1" methods="3" coveredmethods="3" conditionals="0" coveredconditionals="0" statements="3" coveredstatements="3" elements="6" coveredelements="6"/>
    </file>
    <file name="/var/task/Thomas/LiftsAndEscalators/Domain/DisplayName.php">
      <class name="Thomas\LiftsAndEscalators\Domain\DisplayName" namespace="global">
        <metrics complexity="3" methods="3" coveredmethods="3" conditionals="0" coveredconditionals="0" statements="3" coveredstatements="3" elements="6" coveredelements="6"/>
      </class>
      <line num="11" type="method" name="__construct" visibility="public" complexity="1" crap="1" count="7"/>
      <line num="14" type="stmt" count="7"/>
      <line num="16" type="method" name="__toString" visibility="public" complexity="1" crap="1" count="4"/>
      <line num="18" type="stmt" count="4"/>
      <line num="21" type="method" name="jsonSerialize" visibility="public" complexity="1" crap="1" count="4"/>
      <line num="23" type="stmt" count="4"/>
      <metrics loc="26" ncloc="26" classes="1" methods="3" coveredmethods="3" conditionals="0" coveredconditionals="0" statements="3" coveredstatements="3" elements="6" coveredelements="6"/>
    </file>
    <file name="/var/task/Thomas/LiftsAndEscalators/Domain/Exceptions/AssetNotFound.php">
      <class name="Thomas\LiftsAndEscalators\Domain\Exceptions\AssetNotFound" namespace="global">
        <metrics complexity="2" methods="2" coveredmethods="2" conditionals="0" coveredconditionals="0" statements="2" coveredstatements="2" elements="4" coveredelements="4"/>
      </class>
      <line num="12" type="method" name="__construct" visibility="private" complexity="1" crap="1" count="1"/>
      <line num="14" type="stmt" count="1"/>
      <line num="17" type="method" name="fromId" visibility="public" complexity="1" crap="1" count="1"/>
      <line num="19" type="stmt" count="1"/>
      <metrics loc="22" ncloc="22" classes="1" methods="2" coveredmethods="2" conditionals="0" coveredconditionals="0" statements="2" coveredstatements="2" elements="4" coveredelements="4"/>
    </file>
    <file name="/var/task/Thomas/LiftsAndEscalators/Domain/Exceptions/InvalidAssetType.php">
      <class name="Thomas\LiftsAndEscalators\Domain\Exceptions\InvalidAssetType" namespace="global">
        <metrics complexity="2" methods="2" coveredmethods="2" conditionals="0" coveredconditionals="0" statements="2" coveredstatements="2" elements="4" coveredelements="4"/>
      </class>
      <line num="11" type="method" name="__construct" visibility="private" complexity="1" crap="1" count="1"/>
      <line num="13" type="stmt" count="1"/>
      <line num="16" type="method" name="fromString" visibility="public" complexity="1" crap="1" count="1"/>
      <line num="18" type="stmt" count="1"/>
      <metrics loc="21" ncloc="21" classes="1" methods="2" coveredmethods="2" conditionals="0" coveredconditionals="0" statements="2" coveredstatements="2" elements="4" coveredelements="4"/>
    </file>
    <file name="/var/task/Thomas/LiftsAndEscalators/Domain/Exceptions/InvalidStatus.php">
      <class name="Thomas\LiftsAndEscalators\Domain\Exceptions\InvalidStatus" namespace="global">
        <metrics complexity="2" methods="2" coveredmethods="2" conditionals="0" coveredconditionals="0" statements="2" coveredstatements="2" elements="4" coveredelements="4"/>
      </class>
      <line num="11" type="method" name="__construct" visibility="private" complexity="1" crap="1" count="1"/>
      <line num="13" type="stmt" count="1"/>
      <line num="16" type="method" name="fromString" visibility="public" complexity="1" crap="1" count="1"/>
      <line num="18" type="stmt" count="1"/>
      <metrics loc="21" ncloc="21" classes="1" methods="2" coveredmethods="2" conditionals="0" coveredconditionals="0" statements="2" coveredstatements="2" elements="4" coveredelements="4"/>
    </file>
    <file name="/var/task/Thomas/LiftsAndEscalators/Domain/Exceptions/NoSensorsFound.php">
      <class name="Thomas\LiftsAndEscalators\Domain\Exceptions\NoSensorsFound" namespace="global">
        <metrics complexity="2" methods="2" coveredmethods="2" conditionals="0" coveredconditionals="0" statements="2" coveredstatements="2" elements="4" coveredelements="4"/>
      </class>
      <line num="11" type="method" name="__construct" visibility="private" complexity="1" crap="1" count="1"/>
      <line num="13" type="stmt" count="1"/>
      <line num="16" type="method" name="fromOffset" visibility="public" complexity="1" crap="1" count="1"/>
      <line num="18" type="stmt" count="1"/>
      <metrics loc="21" ncloc="21" classes="1" methods="2" coveredmethods="2" conditionals="0" coveredconditionals="0" statements="2" coveredstatements="2" elements="4" coveredelements="4"/>
    </file>
    <file name="/var/task/Thomas/LiftsAndEscalators/Domain/Exceptions/SensorNotFound.php">
      <class name="Thomas\LiftsAndEscalators\Domain\Exceptions\SensorNotFound" namespace="global">
        <metrics complexity="2" methods="2" coveredmethods="2" conditionals="0" coveredconditionals="0" statements="2" coveredstatements="2" elements="4" coveredelements="4"/>
      </class>
      <line num="12" type="method" name="__construct" visibility="private" complexity="1" crap="1" count="1"/>
      <line num="14" type="stmt" count="1"/>
      <line num="17" type="method" name="fromId" visibility="public" complexity="1" crap="1" count="1"/>
      <line num="19" type="stmt" count="1"/>
      <metrics loc="22" ncloc="22" classes="1" methods="2" coveredmethods="2" conditionals="0" coveredconditionals="0" statements="2" coveredstatements="2" elements="4" coveredelements="4"/>
    </file>
    <file name="/var/task/Thomas/LiftsAndEscalators/Domain/LiftAndEscalatorClient.php">
      <metrics loc="22" ncloc="22" classes="0" methods="0" coveredmethods="0" conditionals="0" coveredconditionals="0" statements="0" coveredstatements="0" elements="0" coveredelements="0"/>
    </file>
    <file name="/var/task/Thomas/LiftsAndEscalators/Domain/Location.php">
      <class name="Thomas\LiftsAndEscalators\Domain\Location" namespace="global">
        <metrics complexity="3" methods="3" coveredmethods="3" conditionals="0" coveredconditionals="0" statements="3" coveredstatements="3" elements="6" coveredelements="6"/>
      </class>
      <line num="11" type="method" name="__construct" visibility="public" complexity="1" crap="1" count="7"/>
      <line num="14" type="stmt" count="7"/>
      <line num="16" type="method" name="__toString" visibility="public" complexity="1" crap="1" count="4"/>
      <line num="18" type="stmt" count="4"/>
      <line num="21" type="method" name="jsonSerialize" visibility="public" complexity="1" crap="1" count="4"/>
      <line num="23" type="stmt" count="4"/>
      <metrics loc="26" ncloc="26" classes="1" methods="3" coveredmethods="3" conditionals="0" coveredconditionals="0" statements="3" coveredstatements="3" elements="6" coveredelements="6"/>
    </file>
    <file name="/var/task/Thomas/LiftsAndEscalators/Domain/PRN.php">
      <class name="Thomas\LiftsAndEscalators\Domain\PRN" namespace="global">
        <metrics complexity="2" methods="2" coveredmethods="2" conditionals="0" coveredconditionals="0" statements="2" coveredstatements="2" elements="4" coveredelements="4"/>
      </class>
      <line num="11" type="method" name="__construct" visibility="public" complexity="1" crap="1" count="7"/>
      <line num="14" type="stmt" count="7"/>
      <line num="16" type="method" name="jsonSerialize" visibility="public" complexity="1" crap="1" count="4"/>
      <line num="18" type="stmt" count="4"/>
      <metrics loc="21" ncloc="21" classes="1" methods="2" coveredmethods="2" conditionals="0" coveredconditionals="0" statements="2" coveredstatements="2" elements="4" coveredelements="4"/>
    </file>
    <file name="/var/task/Thomas/LiftsAndEscalators/Domain/SensorId.php">
      <class name="Thomas\LiftsAndEscalators\Domain\SensorId" namespace="global">
        <metrics complexity="4" methods="4" coveredmethods="4" conditionals="0" coveredconditionals="0" statements="4" coveredstatements="4" elements="8" coveredelements="8"/>
      </class>
      <line num="11" type="method" name="__construct" visibility="public" complexity="1" crap="1" count="12"/>
      <line num="14" type="stmt" count="12"/>
      <line num="16" type="method" name="value" visibility="public" complexity="1" crap="1" count="4"/>
      <line num="18" type="stmt" count="4"/>
      <line num="21" type="method" name="__toString" visibility="public" complexity="1" crap="1" count="5"/>
      <line num="23" type="stmt" count="5"/>
      <line num="26" type="method" name="jsonSerialize" visibility="public" complexity="1" crap="1" count="4"/>
      <line num="28" type="stmt" count="4"/>
      <metrics loc="31" ncloc="31" classes="1" methods="4" coveredmethods="4" conditionals="0" coveredconditionals="0" statements="4" coveredstatements="4" elements="8" coveredelements="8"/>
    </file>
    <file name="/var/task/Thomas/LiftsAndEscalators/Domain/Status.php">
      <class name="Thomas\LiftsAndEscalators\Domain\Status" namespace="global">
        <metrics complexity="4" methods="3" coveredmethods="3" conditionals="0" coveredconditionals="0" statements="4" coveredstatements="4" elements="7" coveredelements="7"/>
      </class>
      <line num="22" type="method" name="__construct" visibility="public" complexity="2" crap="2" count="11"/>
      <line num="25" type="stmt" count="11"/>
      <line num="26" type="stmt" count="1"/>
      <line num="30" type="method" name="__toString" visibility="public" complexity="1" crap="1" count="5"/>
      <line num="32" type="stmt" count="5"/>
      <line num="35" type="method" name="jsonSerialize" visibility="public" complexity="1" crap="1" count="5"/>
      <line num="37" type="stmt" count="5"/>
      <metrics loc="40" ncloc="40" classes="1" methods="3" coveredmethods="3" conditionals="0" coveredconditionals="0" statements="4" coveredstatements="4" elements="7" coveredelements="7"/>
    </file>
    <file name="/var/task/Thomas/LiftsAndEscalators/Domain/Token.php">
      <class name="Thomas\LiftsAndEscalators\Domain\Token" namespace="global">
        <metrics complexity="2" methods="2" coveredmethods="2" conditionals="0" coveredconditionals="0" statements="2" coveredstatements="2" elements="4" coveredelements="4"/>
      </class>
      <line num="9" type="method" name="__construct" visibility="public" complexity="1" crap="1" count="18"/>
      <line num="12" type="stmt" count="18"/>
      <line num="14" type="method" name="__toString" visibility="public" complexity="1" crap="1" count="18"/>
      <line num="16" type="stmt" count="18"/>
      <metrics loc="19" ncloc="19" classes="1" methods="2" coveredmethods="2" conditionals="0" coveredconditionals="0" statements="2" coveredstatements="2" elements="4" coveredelements="4"/>
    </file>
    <file name="/var/task/Thomas/LiftsAndEscalators/Domain/TokenService.php">
      <metrics loc="11" ncloc="11" classes="0" methods="0" coveredmethods="0" conditionals="0" coveredconditionals="0" statements="0" coveredstatements="0" elements="0" coveredelements="0"/>
    </file>
    <file name="/var/task/Thomas/LiftsAndEscalators/Infrastructure/HttpLiftAndEscalatorClient.php">
      <class name="Thomas\LiftsAndEscalators\Infrastructure\HttpLiftAndEscalatorClient" namespace="global">
        <metrics complexity="14" methods="5" coveredmethods="5" conditionals="0" coveredconditionals="0" statements="76" coveredstatements="76" elements="81" coveredelements="81"/>
      </class>
      <line num="28" type="method" name="__construct" visibility="public" complexity="1" crap="1" count="18"/>
      <line num="32" type="stmt" count="18"/>
      <line num="34" type="method" name="getAssetsByStationCode" visibility="public" complexity="2" crap="2" count="7"/>
      <line num="36" type="stmt" count="7"/>
      <line num="37" type="stmt" count="7"/>
      <line num="38" type="stmt" count="7"/>
      <line num="39" type="stmt" count="7"/>
      <line num="41" type="stmt" count="7"/>
      <line num="42" type="stmt" count="1"/>
      <line num="43" type="stmt" count="1"/>
      <line num="44" type="stmt" count="1"/>
      <line num="45" type="stmt" count="1"/>
      <line num="47" type="stmt" count="1"/>
      <line num="50" type="stmt" count="6"/>
      <line num="51" type="stmt" count="6"/>
      <line num="52" type="stmt" count="6"/>
      <line num="53" type="stmt" count="6"/>
      <line num="54" type="stmt" count="6"/>
      <line num="55" type="stmt" count="6"/>
      <line num="58" type="method" name="getAssetById" visibility="public" complexity="3" crap="3" count="3"/>
      <line num="60" type="stmt" count="3"/>
      <line num="61" type="stmt" count="3"/>
      <line num="62" type="stmt" count="3"/>
      <line num="63" type="stmt" count="3"/>
      <line num="65" type="stmt" count="3"/>
      <line num="66" type="stmt" count="1"/>
      <line num="67" type="stmt" count="1"/>
      <line num="68" type="stmt" count="1"/>
      <line num="69" type="stmt" count="1"/>
      <line num="71" type="stmt" count="1"/>
      <line num="74" type="stmt" count="2"/>
      <line num="75" type="stmt" count="1"/>
      <line num="78" type="stmt" count="1"/>
      <line num="81" type="method" name="getSensors" visibility="public" complexity="4" crap="4" count="4"/>
      <line num="84" type="stmt" count="4"/>
      <line num="85" type="stmt" count="4"/>
      <line num="86" type="stmt" count="4"/>
      <line num="87" type="stmt" count="4"/>
      <line num="88" type="stmt" count="4"/>
      <line num="90" type="stmt" count="1"/>
      <line num="91" type="stmt" count="1"/>
      <line num="93" type="stmt" count="1"/>
      <line num="94" type="stmt" count="1"/>
      <line num="95" type="stmt" count="1"/>
      <line num="96" type="stmt" count="1"/>
      <line num="97" type="stmt" count="1"/>
      <line num="100" type="stmt" count="3"/>
      <line num="101" type="stmt" count="1"/>
      <line num="102" type="stmt" count="1"/>
      <line num="103" type="stmt" count="1"/>
      <line num="104" type="stmt" count="1"/>
      <line num="106" type="stmt" count="1"/>
      <line num="109" type="stmt" count="2"/>
      <line num="110" type="stmt" count="1"/>
      <line num="113" type="stmt" count="1"/>
      <line num="114" type="stmt" count="1"/>
      <line num="115" type="stmt" count="1"/>
      <line num="116" type="stmt" count="1"/>
      <line num="117" type="stmt" count="1"/>
      <line num="118" type="stmt" count="1"/>
      <line num="121" type="method" name="getSensorById" visibility="public" complexity="4" crap="4" count="4"/>
      <line num="124" type="stmt" count="4"/>
      <line num="125" type="stmt" count="4"/>
      <line num="126" type="stmt" count="4"/>
      <line num="127" type="stmt" count="4"/>
      <line num="129" type="stmt" count="1"/>
      <line num="131" type="stmt" count="1"/>
      <line num="133" type="stmt" count="1"/>
      <line num="134" type="stmt" count="1"/>
      <line num="135" type="stmt" count="1"/>
      <line num="136" type="stmt" count="1"/>
      <line num="137" type="stmt" count="1"/>
      <line num="140" type="stmt" count="3"/>
      <line num="141" type="stmt" count="1"/>
      <line num="142" type="stmt" count="1"/>
      <line num="143" type="stmt" count="1"/>
      <line num="144" type="stmt" count="1"/>
      <line num="146" type="stmt" count="1"/>
      <line num="149" type="stmt" count="2"/>
      <line num="150" type="stmt" count="1"/>
      <line num="153" type="stmt" count="1"/>
      <metrics loc="156" ncloc="156" classes="1" methods="5" coveredmethods="5" conditionals="0" coveredconditionals="0" statements="76" coveredstatements="76" elements="81" coveredelements="81"/>
    </file>
    <file name="/var/task/Thomas/LiftsAndEscalators/Infrastructure/HttpTokenService.php">
      <class name="Thomas\LiftsAndEscalators\Infrastructure\HttpTokenService" namespace="global">
        <metrics complexity="2" methods="2" coveredmethods="2" conditionals="0" coveredconditionals="0" statements="3" coveredstatements="3" elements="5" coveredelements="5"/>
      </class>
      <line num="13" type="method" name="__construct" visibility="public" complexity="1" crap="1" count="18"/>
      <line num="16" type="stmt" count="18"/>
      <line num="18" type="method" name="get" visibility="public" complexity="1" crap="1" count="18"/>
      <line num="20" type="stmt" count="18"/>
      <line num="22" type="stmt" count="18"/>
      <metrics loc="25" ncloc="25" classes="1" methods="2" coveredmethods="2" conditionals="0" coveredconditionals="0" statements="3" coveredstatements="3" elements="5" coveredelements="5"/>
    </file>
    <file name="/var/task/Thomas/News/Application/Queries/GetNewsHeadlines.php">
      <class name="Thomas\News\Application\Queries\GetNewsHeadlines" namespace="global">
        <metrics complexity="2" methods="2" coveredmethods="2" conditionals="0" coveredconditionals="0" statements="2" coveredstatements="2" elements="4" coveredelements="4"/>
      </class>
      <line num="11" type="method" name="__construct" visibility="public" complexity="1" crap="1" count="4"/>
      <line num="14" type="stmt" count="4"/>
      <line num="16" type="method" name="get" visibility="public" complexity="1" crap="1" count="4"/>
      <line num="18" type="stmt" count="4"/>
      <metrics loc="21" ncloc="21" classes="1" methods="2" coveredmethods="2" conditionals="0" coveredconditionals="0" statements="2" coveredstatements="2" elements="4" coveredelements="4"/>
    </file>
    <file name="/var/task/Thomas/News/Domain/DatePublished.php">
      <class name="Thomas\News\Domain\DatePublished" namespace="global">
        <metrics complexity="0" methods="0" coveredmethods="0" conditionals="0" coveredconditionals="0" statements="0" coveredstatements="0" elements="0" coveredelements="0"/>
      </class>
      <metrics loc="13" ncloc="12" classes="0" methods="0" coveredmethods="0" conditionals="0" coveredconditionals="0" statements="0" coveredstatements="0" elements="0" coveredelements="0"/>
    </file>
    <file name="/var/task/Thomas/News/Domain/Exceptions/InvalidUrl.php">
      <class name="Thomas\News\Domain\Exceptions\InvalidUrl" namespace="global">
        <metrics complexity="2" methods="2" coveredmethods="2" conditionals="0" coveredconditionals="0" statements="2" coveredstatements="2" elements="4" coveredelements="4"/>
      </class>
      <line num="11" type="method" name="__construct" visibility="private" complexity="1" crap="1" count="1"/>
      <line num="13" type="stmt" count="1"/>
      <line num="16" type="method" name="fromString" visibility="public" complexity="1" crap="1" count="1"/>
      <line num="18" type="stmt" count="1"/>
      <metrics loc="21" ncloc="21" classes="1" methods="2" coveredmethods="2" conditionals="0" coveredconditionals="0" statements="2" coveredstatements="2" elements="4" coveredelements="4"/>
    </file>
    <file name="/var/task/Thomas/News/Domain/News.php">
      <class name="Thomas\News\Domain\News" namespace="global">
        <metrics complexity="3" methods="3" coveredmethods="3" conditionals="0" coveredconditionals="0" statements="7" coveredstatements="7" elements="10" coveredelements="10"/>
      </class>
      <line num="14" type="method" name="__construct" visibility="public" complexity="1" crap="1" count="7"/>
      <line num="19" type="stmt" count="7"/>
      <line num="21" type="method" name="toArray" visibility="public" complexity="1" crap="1" count="3"/>
      <line num="23" type="stmt" count="3"/>
      <line num="24" type="stmt" count="3"/>
      <line num="25" type="stmt" count="3"/>
      <line num="26" type="stmt" count="3"/>
      <line num="27" type="stmt" count="3"/>
      <line num="30" type="method" name="jsonSerialize" visibility="public" complexity="1" crap="1" count="2"/>
      <line num="32" type="stmt" count="2"/>
      <metrics loc="35" ncloc="35" classes="1" methods="3" coveredmethods="3" conditionals="0" coveredconditionals="0" statements="7" coveredstatements="7" elements="10" coveredelements="10"/>
    </file>
    <file name="/var/task/Thomas/News/Domain/NewsService.php">
      <metrics loc="11" ncloc="11" classes="0" methods="0" coveredmethods="0" conditionals="0" coveredconditionals="0" statements="0" coveredstatements="0" elements="0" coveredelements="0"/>
    </file>
    <file name="/var/task/Thomas/News/Domain/Title.php">
      <class name="Thomas\News\Domain\Title" namespace="global">
        <metrics complexity="2" methods="2" coveredmethods="2" conditionals="0" coveredconditionals="0" statements="2" coveredstatements="2" elements="4" coveredelements="4"/>
      </class>
      <line num="9" type="method" name="__construct" visibility="public" complexity="1" crap="1" count="8"/>
      <line num="12" type="stmt" count="8"/>
      <line num="14" type="method" name="__toString" visibility="public" complexity="1" crap="1" count="4"/>
      <line num="16" type="stmt" count="4"/>
      <metrics loc="19" ncloc="19" classes="1" methods="2" coveredmethods="2" conditionals="0" coveredconditionals="0" statements="2" coveredstatements="2" elements="4" coveredelements="4"/>
    </file>
    <file name="/var/task/Thomas/News/Domain/Url.php">
      <class name="Thomas\News\Domain\Url" namespace="global">
        <metrics complexity="3" methods="2" coveredmethods="2" conditionals="0" coveredconditionals="0" statements="3" coveredstatements="3" elements="5" coveredelements="5"/>
      </class>
      <line num="11" type="method" name="__construct" visibility="public" complexity="2" crap="2" count="9"/>
      <line num="14" type="stmt" count="9"/>
      <line num="15" type="stmt" count="1"/>
      <line num="19" type="method" name="__toString" visibility="public" complexity="1" crap="1" count="4"/>
      <line num="21" type="stmt" count="4"/>
      <metrics loc="24" ncloc="24" classes="1" methods="2" coveredmethods="2" conditionals="0" coveredconditionals="0" statements="3" coveredstatements="3" elements="5" coveredelements="5"/>
    </file>
    <file name="/var/task/Thomas/News/Infrastructure/HttpNewsService.php">
      <class name="Thomas\News\Infrastructure\HttpNewsService" namespace="global">
        <metrics complexity="4" methods="3" coveredmethods="3" conditionals="0" coveredconditionals="0" statements="7" coveredstatements="7" elements="10" coveredelements="10"/>
      </class>
      <line num="17" type="method" name="__construct" visibility="public" complexity="1" crap="1" count="6"/>
      <line num="22" type="stmt" count="6"/>
      <line num="24" type="method" name="get" visibility="public" complexity="2" crap="2" count="6"/>
      <line num="26" type="stmt" count="6"/>
      <line num="28" type="stmt" count="6"/>
      <line num="29" type="stmt" count="5"/>
      <line num="30" type="stmt" count="5"/>
      <line num="33" type="stmt" count="6"/>
      <line num="36" type="method" name="xml" visibility="private" complexity="1" crap="1" count="5"/>
      <line num="39" type="stmt" count="5"/>
      <metrics loc="42" ncloc="41" classes="1" methods="3" coveredmethods="3" conditionals="0" coveredconditionals="0" statements="7" coveredstatements="7" elements="10" coveredelements="10"/>
    </file>
    <file name="/var/task/Thomas/News/Infrastructure/MockNewsFactory.php">
      <class name="Thomas\News\Infrastructure\MockNewsFactory" namespace="global">
        <metrics complexity="2" methods="2" coveredmethods="2" conditionals="0" coveredconditionals="0" statements="3" coveredstatements="3" elements="5" coveredelements="5"/>
      </class>
      <line num="11" type="method" name="makeXML" visibility="public" complexity="1" crap="1" count="1"/>
      <line num="13" type="stmt" count="1"/>
      <line num="16" type="method" name="makeContent" visibility="public" complexity="1" crap="1" count="3"/>
      <line num="18" type="stmt" count="3"/>
      <line num="64" type="stmt" count="3"/>
      <metrics loc="67" ncloc="67" classes="1" methods="2" coveredmethods="2" conditionals="0" coveredconditionals="0" statements="3" coveredstatements="3" elements="5" coveredelements="5"/>
    </file>
    <file name="/var/task/Thomas/News/Infrastructure/RSSParser.php">
      <class name="Thomas\News\Infrastructure\RSSParser" namespace="global">
        <metrics complexity="2" methods="1" coveredmethods="1" conditionals="0" coveredconditionals="0" statements="8" coveredstatements="8" elements="9" coveredelements="9"/>
      </class>
      <line num="15" type="method" name="parse" visibility="public" complexity="2" crap="2" count="6"/>
      <line num="17" type="stmt" count="6"/>
      <line num="19" type="stmt" count="6"/>
      <line num="20" type="stmt" count="6"/>
      <line num="21" type="stmt" count="6"/>
      <line num="22" type="stmt" count="6"/>
      <line num="23" type="stmt" count="6"/>
      <line num="24" type="stmt" count="6"/>
      <line num="27" type="stmt" count="6"/>
      <metrics loc="30" ncloc="30" classes="1" methods="1" coveredmethods="1" conditionals="0" coveredconditionals="0" statements="8" coveredstatements="8" elements="9" coveredelements="9"/>
    </file>
    <file name="/var/task/Thomas/RealTimeIncidents/Application/Commands/AddIncident.php">
      <class name="Thomas\RealTimeIncidents\Application\Commands\AddIncident" namespace="global">
        <metrics complexity="5" methods="5" coveredmethods="5" conditionals="0" coveredconditionals="0" statements="9" coveredstatements="9" elements="14" coveredelements="14"/>
      </class>
      <line num="14" type="method" name="__construct" visibility="public" complexity="1" crap="1" count="5"/>
      <line num="19" type="stmt" count="5"/>
      <line num="21" type="method" name="id" visibility="public" complexity="1" crap="1" count="3"/>
      <line num="23" type="stmt" count="3"/>
      <line num="26" type="method" name="status" visibility="public" complexity="1" crap="1" count="3"/>
      <line num="28" type="stmt" count="3"/>
      <line num="31" type="method" name="body" visibility="public" complexity="1" crap="1" count="3"/>
      <line num="33" type="stmt" count="3"/>
      <line num="36" type="method" name="toArray" visibility="public" complexity="1" crap="1" count="3"/>
      <line num="38" type="stmt" count="3"/>
      <line num="39" type="stmt" count="3"/>
      <line num="40" type="stmt" count="3"/>
      <line num="41" type="stmt" count="3"/>
      <line num="42" type="stmt" count="3"/>
      <metrics loc="45" ncloc="45" classes="1" methods="5" coveredmethods="5" conditionals="0" coveredconditionals="0" statements="9" coveredstatements="9" elements="14" coveredelements="14"/>
    </file>
    <file name="/var/task/Thomas/RealTimeIncidents/Application/Commands/Converters/ModifiedMessageToCommand.php">
      <class name="Thomas\RealTimeIncidents\Application\Commands\Converters\ModifiedMessageToCommand" namespace="global">
        <metrics complexity="1" methods="1" coveredmethods="1" conditionals="0" coveredconditionals="0" statements="8" coveredstatements="8" elements="9" coveredelements="9"/>
      </class>
      <line num="17" type="method" name="convert" visibility="public" complexity="1" crap="1" count="2"/>
      <line num="19" type="stmt" count="2"/>
      <line num="20" type="stmt" count="2"/>
      <line num="22" type="stmt" count="2"/>
      <line num="23" type="stmt" count="2"/>
      <line num="24" type="stmt" count="2"/>
      <line num="25" type="stmt" count="2"/>
      <line num="26" type="stmt" count="2"/>
      <line num="28" type="stmt" count="2"/>
      <metrics loc="31" ncloc="31" classes="1" methods="1" coveredmethods="1" conditionals="0" coveredconditionals="0" statements="8" coveredstatements="8" elements="9" coveredelements="9"/>
    </file>
    <file name="/var/task/Thomas/RealTimeIncidents/Application/Commands/Converters/NewMessageToCommand.php">
      <class name="Thomas\RealTimeIncidents\Application\Commands\Converters\NewMessageToCommand" namespace="global">
        <metrics complexity="1" methods="1" coveredmethods="1" conditionals="0" coveredconditionals="0" statements="8" coveredstatements="8" elements="9" coveredelements="9"/>
      </class>
      <line num="17" type="method" name="convert" visibility="public" complexity="1" crap="1" count="3"/>
      <line num="19" type="stmt" count="3"/>
      <line num="20" type="stmt" count="3"/>
      <line num="22" type="stmt" count="3"/>
      <line num="23" type="stmt" count="3"/>
      <line num="24" type="stmt" count="3"/>
      <line num="25" type="stmt" count="3"/>
      <line num="26" type="stmt" count="3"/>
      <line num="28" type="stmt" count="3"/>
      <metrics loc="31" ncloc="31" classes="1" methods="1" coveredmethods="1" conditionals="0" coveredconditionals="0" statements="8" coveredstatements="8" elements="9" coveredelements="9"/>
    </file>
    <file name="/var/task/Thomas/RealTimeIncidents/Application/Commands/Converters/RemovedMessageToCommand.php">
      <class name="Thomas\RealTimeIncidents\Application\Commands\Converters\RemovedMessageToCommand" namespace="global">
        <metrics complexity="1" methods="1" coveredmethods="1" conditionals="0" coveredconditionals="0" statements="6" coveredstatements="6" elements="7" coveredelements="7"/>
      </class>
      <line num="16" type="method" name="convert" visibility="public" complexity="1" crap="1" count="2"/>
      <line num="18" type="stmt" count="2"/>
      <line num="20" type="stmt" count="2"/>
      <line num="21" type="stmt" count="2"/>
      <line num="22" type="stmt" count="2"/>
      <line num="23" type="stmt" count="2"/>
      <line num="25" type="stmt" count="2"/>
      <metrics loc="28" ncloc="28" classes="1" methods="1" coveredmethods="1" conditionals="0" coveredconditionals="0" statements="6" coveredstatements="6" elements="7" coveredelements="7"/>
    </file>
    <file name="/var/task/Thomas/RealTimeIncidents/Application/Commands/Handlers/AddIncidentCommandHandler.php">
      <class name="Thomas\RealTimeIncidents\Application\Commands\Handlers\AddIncidentCommandHandler" namespace="global">
        <metrics complexity="1" methods="1" coveredmethods="1" conditionals="0" coveredconditionals="0" statements="6" coveredstatements="6" elements="7" coveredelements="7"/>
      </class>
      <line num="13" type="method" name="handleAddIncident" visibility="public" complexity="1" crap="1" count="3"/>
      <line num="15" type="stmt" count="3"/>
      <line num="16" type="stmt" count="3"/>
      <line num="17" type="stmt" count="3"/>
      <line num="18" type="stmt" count="3"/>
      <line num="19" type="stmt" count="3"/>
      <line num="21" type="stmt" count="3"/>
      <metrics loc="24" ncloc="24" classes="1" methods="1" coveredmethods="1" conditionals="0" coveredconditionals="0" statements="6" coveredstatements="6" elements="7" coveredelements="7"/>
    </file>
    <file name="/var/task/Thomas/RealTimeIncidents/Application/Commands/Handlers/IncidentCommandHandler.php">
      <class name="Thomas\RealTimeIncidents\Application\Commands\Handlers\IncidentCommandHandler" namespace="global">
        <metrics complexity="1" methods="1" coveredmethods="1" conditionals="0" coveredconditionals="0" statements="1" coveredstatements="1" elements="2" coveredelements="2"/>
      </class>
      <line num="13" type="method" name="__construct" visibility="public" complexity="1" crap="1" count="71"/>
      <line num="16" type="stmt" count="71"/>
      <metrics loc="18" ncloc="18" classes="1" methods="1" coveredmethods="1" conditionals="0" coveredconditionals="0" statements="1" coveredstatements="1" elements="2" coveredelements="2"/>
    </file>
    <file name="/var/task/Thomas/RealTimeIncidents/Application/Commands/Handlers/RemoveIncidentCommandHandler.php">
      <class name="Thomas\RealTimeIncidents\Application\Commands\Handlers\RemoveIncidentCommandHandler" namespace="global">
        <metrics complexity="2" methods="1" coveredmethods="1" conditionals="0" coveredconditionals="0" statements="5" coveredstatements="5" elements="6" coveredelements="6"/>
      </class>
      <line num="13" type="method" name="handleRemoveIncident" visibility="public" complexity="2" crap="2" count="3"/>
      <line num="16" type="stmt" count="3"/>
      <line num="17" type="stmt" count="1"/>
      <line num="20" type="stmt" count="1"/>
      <line num="23" type="stmt" count="2"/>
      <line num="25" type="stmt" count="2"/>
      <metrics loc="28" ncloc="26" classes="1" methods="1" coveredmethods="1" conditionals="0" coveredconditionals="0" statements="5" coveredstatements="5" elements="6" coveredelements="6"/>
    </file>
    <file name="/var/task/Thomas/RealTimeIncidents/Application/Commands/Handlers/UpdateIncidentCommandHandler.php">
      <class name="Thomas\RealTimeIncidents\Application\Commands\Handlers\UpdateIncidentCommandHandler" namespace="global">
        <metrics complexity="2" methods="1" coveredmethods="1" conditionals="0" coveredconditionals="0" statements="14" coveredstatements="14" elements="15" coveredelements="15"/>
      </class>
      <line num="15" type="method" name="handleUpdateIncident" visibility="public" complexity="2" crap="2" count="3"/>
      <line num="18" type="stmt" count="3"/>
      <line num="19" type="stmt" count="1"/>
      <line num="22" type="stmt" count="1"/>
      <line num="23" type="stmt" count="1"/>
      <line num="24" type="stmt" count="1"/>
      <line num="25" type="stmt" count="1"/>
      <line num="26" type="stmt" count="1"/>
      <line num="28" type="stmt" count="1"/>
      <line num="31" type="stmt" count="3"/>
      <line num="32" type="stmt" count="3"/>
      <line num="33" type="stmt" count="3"/>
      <line num="34" type="stmt" count="3"/>
      <line num="35" type="stmt" count="3"/>
      <line num="37" type="stmt" count="3"/>
      <metrics loc="40" ncloc="39" classes="1" methods="1" coveredmethods="1" conditionals="0" coveredconditionals="0" statements="14" coveredstatements="14" elements="15" coveredelements="15"/>
    </file>
    <file name="/var/task/Thomas/RealTimeIncidents/Application/Commands/RTICommandFactory.php">
      <class name="Thomas\RealTimeIncidents\Application\Commands\RTICommandFactory" namespace="global">
        <metrics complexity="5" methods="3" coveredmethods="3" conditionals="0" coveredconditionals="0" statements="9" coveredstatements="9" elements="12" coveredelements="12"/>
      </class>
      <line num="13" type="method" name="__construct" visibility="public" complexity="1" crap="1" count="24"/>
      <line num="16" type="stmt" count="24"/>
      <line num="18" type="method" name="make" visibility="public" complexity="2" crap="2" count="8"/>
      <line num="20" type="stmt" count="8"/>
      <line num="22" type="stmt" count="8"/>
      <line num="23" type="stmt" count="7"/>
      <line num="26" type="stmt" count="1"/>
      <line num="29" type="method" name="getConverter" visibility="private" complexity="2" crap="2" count="8"/>
      <line num="31" type="stmt" count="8"/>
      <line num="33" type="stmt" count="8"/>
      <line num="34" type="stmt" count="7"/>
      <line num="37" type="stmt" count="1"/>
      <metrics loc="40" ncloc="40" classes="1" methods="3" coveredmethods="3" conditionals="0" coveredconditionals="0" statements="9" coveredstatements="9" elements="12" coveredelements="12"/>
    </file>
    <file name="/var/task/Thomas/RealTimeIncidents/Application/Commands/RemoveIncident.php">
      <class name="Thomas\RealTimeIncidents\Application\Commands\RemoveIncident" namespace="global">
        <metrics complexity="4" methods="4" coveredmethods="4" conditionals="0" coveredconditionals="0" statements="7" coveredstatements="7" elements="11" coveredelements="11"/>
      </class>
      <line num="13" type="method" name="__construct" visibility="public" complexity="1" crap="1" count="5"/>
      <line num="17" type="stmt" count="5"/>
      <line num="19" type="method" name="id" visibility="public" complexity="1" crap="1" count="3"/>
      <line num="21" type="stmt" count="3"/>
      <line num="24" type="method" name="status" visibility="public" complexity="1" crap="1" count="2"/>
      <line num="26" type="stmt" count="2"/>
      <line num="29" type="method" name="toArray" visibility="public" complexity="1" crap="1" count="2"/>
      <line num="31" type="stmt" count="2"/>
      <line num="32" type="stmt" count="2"/>
      <line num="33" type="stmt" count="2"/>
      <line num="34" type="stmt" count="2"/>
      <metrics loc="37" ncloc="37" classes="1" methods="4" coveredmethods="4" conditionals="0" coveredconditionals="0" statements="7" coveredstatements="7" elements="11" coveredelements="11"/>
    </file>
    <file name="/var/task/Thomas/RealTimeIncidents/Application/Commands/UpdateIncident.php">
      <class name="Thomas\RealTimeIncidents\Application\Commands\UpdateIncident" namespace="global">
        <metrics complexity="5" methods="5" coveredmethods="5" conditionals="0" coveredconditionals="0" statements="9" coveredstatements="9" elements="14" coveredelements="14"/>
      </class>
      <line num="14" type="method" name="__construct" visibility="public" complexity="1" crap="1" count="5"/>
      <line num="19" type="stmt" count="5"/>
      <line num="21" type="method" name="id" visibility="public" complexity="1" crap="1" count="3"/>
      <line num="23" type="stmt" count="3"/>
      <line num="26" type="method" name="status" visibility="public" complexity="1" crap="1" count="3"/>
      <line num="28" type="stmt" count="3"/>
      <line num="31" type="method" name="body" visibility="public" complexity="1" crap="1" count="3"/>
      <line num="33" type="stmt" count="3"/>
      <line num="36" type="method" name="toArray" visibility="public" complexity="1" crap="1" count="2"/>
      <line num="38" type="stmt" count="2"/>
      <line num="39" type="stmt" count="2"/>
      <line num="40" type="stmt" count="2"/>
      <line num="41" type="stmt" count="2"/>
      <line num="42" type="stmt" count="2"/>
      <metrics loc="45" ncloc="45" classes="1" methods="5" coveredmethods="5" conditionals="0" coveredconditionals="0" statements="9" coveredstatements="9" elements="14" coveredelements="14"/>
    </file>
    <file name="/var/task/Thomas/RealTimeIncidents/Application/Queries/GetIncidents.php">
      <metrics loc="11" ncloc="11" classes="0" methods="0" coveredmethods="0" conditionals="0" coveredconditionals="0" statements="0" coveredstatements="0" elements="0" coveredelements="0"/>
    </file>
    <file name="/var/task/Thomas/RealTimeIncidents/Application/RTIMessageRouter.php">
      <class name="Thomas\RealTimeIncidents\Application\RTIMessageRouter" namespace="global">
        <metrics complexity="3" methods="2" coveredmethods="2" conditionals="0" coveredconditionals="0" statements="4" coveredstatements="4" elements="6" coveredelements="6"/>
      </class>
      <line num="14" type="method" name="__construct" visibility="public" complexity="1" crap="1" count="23"/>
      <line num="18" type="stmt" count="23"/>
      <line num="20" type="method" name="route" visibility="public" complexity="2" crap="2" count="7"/>
      <line num="22" type="stmt" count="7"/>
      <line num="24" type="stmt" count="7"/>
      <line num="25" type="stmt" count="7"/>
      <metrics loc="29" ncloc="29" classes="1" methods="2" coveredmethods="2" conditionals="0" coveredconditionals="0" statements="4" coveredstatements="4" elements="6" coveredelements="6"/>
    </file>
    <file name="/var/task/Thomas/RealTimeIncidents/Domain/Body.php">
      <class name="Thomas\RealTimeIncidents\Domain\Body" namespace="global">
        <metrics complexity="22" methods="14" coveredmethods="14" conditionals="0" coveredconditionals="0" statements="37" coveredstatements="37" elements="51" coveredelements="51"/>
      </class>
      <line num="14" type="method" name="__construct" visibility="public" complexity="1" crap="1" count="21"/>
      <line num="17" type="stmt" count="21"/>
      <line num="20" type="method" name="__toString" visibility="public" complexity="1" crap="1" count="8"/>
      <line num="22" type="stmt" count="8"/>
      <line num="25" type="method" name="summary" visibility="public" complexity="2" crap="2" count="3"/>
      <line num="27" type="stmt" count="3"/>
      <line num="30" type="method" name="description" visibility="public" complexity="2" crap="2" count="2"/>
      <line num="32" type="stmt" count="2"/>
      <line num="35" type="method" name="creationTime" visibility="public" complexity="2" crap="2" count="2"/>
      <line num="37" type="stmt" count="2"/>
      <line num="39" type="stmt" count="2"/>
      <line num="42" type="method" name="lastChanged" visibility="public" complexity="2" crap="2" count="2"/>
      <line num="44" type="stmt" count="2"/>
      <line num="46" type="stmt" count="2"/>
      <line num="49" type="method" name="startTime" visibility="public" complexity="2" crap="2" count="3"/>
      <line num="51" type="stmt" count="3"/>
      <line num="53" type="stmt" count="3"/>
      <line num="56" type="method" name="endTime" visibility="public" complexity="2" crap="2" count="3"/>
      <line num="58" type="stmt" count="3"/>
      <line num="60" type="stmt" count="3"/>
      <line num="63" type="method" name="cleared" visibility="public" complexity="1" crap="1" count="3"/>
      <line num="65" type="stmt" count="3"/>
      <line num="67" type="stmt" count="3"/>
      <line num="70" type="method" name="planned" visibility="public" complexity="1" crap="1" count="3"/>
      <line num="72" type="stmt" count="3"/>
      <line num="74" type="stmt" count="3"/>
      <line num="77" type="method" name="operators" visibility="public" complexity="2" crap="2" count="4"/>
      <line num="79" type="stmt" count="4"/>
      <line num="81" type="stmt" count="4"/>
      <line num="83" type="stmt" count="4"/>
      <line num="84" type="stmt" count="4"/>
      <line num="87" type="stmt" count="4"/>
      <line num="90" type="method" name="toArray" visibility="public" complexity="1" crap="1" count="2"/>
      <line num="92" type="stmt" count="2"/>
      <line num="93" type="stmt" count="2"/>
      <line num="94" type="stmt" count="2"/>
      <line num="95" type="stmt" count="2"/>
      <line num="96" type="stmt" count="2"/>
      <line num="97" type="stmt" count="2"/>
      <line num="98" type="stmt" count="2"/>
      <line num="99" type="stmt" count="2"/>
      <line num="100" type="stmt" count="2"/>
      <line num="101" type="stmt" count="2"/>
      <line num="102" type="stmt" count="2"/>
      <line num="105" type="method" name="jsonSerialize" visibility="public" complexity="1" crap="1" count="1"/>
      <line num="107" type="stmt" count="1"/>
      <line num="110" type="method" name="getAttribute" visibility="private" complexity="2" crap="2" count="4"/>
      <line num="112" type="stmt" count="4"/>
      <line num="114" type="stmt" count="4"/>
      <line num="115" type="stmt" count="4"/>
      <line num="118" type="stmt" count="2"/>
      <metrics loc="121" ncloc="121" classes="1" methods="14" coveredmethods="14" conditionals="0" coveredconditionals="0" statements="37" coveredstatements="37" elements="51" coveredelements="51"/>
    </file>
    <file name="/var/task/Thomas/RealTimeIncidents/Domain/CreationTime.php">
      <class name="Thomas\RealTimeIncidents\Domain\CreationTime" namespace="global">
        <metrics complexity="0" methods="0" coveredmethods="0" conditionals="0" coveredconditionals="0" statements="0" coveredstatements="0" elements="0" coveredelements="0"/>
      </class>
[...]
      <line num="21" type="stmt" count="1"/>
      <line num="22" type="stmt" count="1"/>
      <line num="23" type="stmt" count="1"/>
      <line num="25" type="stmt" count="1"/>
      <metrics loc="28" ncloc="28" classes="1" methods="1" coveredmethods="1" conditionals="0" coveredconditionals="0" statements="7" coveredstatements="7" elements="8" coveredelements="8"/>
    </file>
    <file name="/var/task/app/Console/Commands/Users/RemoveUserByEmail.php">
      <class name="App\Console\Commands\Users\RemoveUserByEmail" namespace="global">
        <metrics complexity="4" methods="2" coveredmethods="2" conditionals="0" coveredconditionals="0" statements="5" coveredstatements="5" elements="7" coveredelements="7"/>
      </class>
      <line num="18" type="method" name="handle" visibility="public" complexity="1" crap="1" count="2"/>
      <line num="20" type="stmt" count="2"/>
      <line num="21" type="stmt" count="2"/>
      <line num="23" type="stmt" count="2"/>
      <line num="26" type="method" name="getEmail" visibility="private" complexity="3" crap="3" count="2"/>
      <line num="28" type="stmt" count="2"/>
      <line num="30" type="stmt" count="2"/>
      <metrics loc="33" ncloc="33" classes="1" methods="2" coveredmethods="2" conditionals="0" coveredconditionals="0" statements="5" coveredstatements="5" elements="7" coveredelements="7"/>
    </file>
    <file name="/var/task/app/Exceptions/Handler.php">
      <class name="App\Exceptions\Handler" namespace="global">
        <metrics complexity="2" methods="2" coveredmethods="2" conditionals="0" coveredconditionals="0" statements="16" coveredstatements="16" elements="18" coveredelements="18"/>
      </class>
      <line num="51" type="method" name="register" visibility="public" complexity="1" crap="1" count="66"/>
      <line num="53" type="stmt" count="66"/>
      <line num="55" type="stmt" count="66"/>
      <line num="58" type="method" name="render" visibility="public" complexity="1" crap="1" count="9"/>
      <line num="60" type="stmt" count="9"/>
      <line num="61" type="stmt" count="9"/>
      <line num="62" type="stmt" count="9"/>
      <line num="63" type="stmt" count="9"/>
      <line num="64" type="stmt" count="9"/>
      <line num="65" type="stmt" count="9"/>
      <line num="66" type="stmt" count="9"/>
      <line num="68" type="stmt" count="9"/>
      <line num="69" type="stmt" count="9"/>
      <line num="70" type="stmt" count="9"/>
      <line num="71" type="stmt" count="9"/>
      <line num="72" type="stmt" count="9"/>
      <line num="73" type="stmt" count="9"/>
      <line num="74" type="stmt" count="9"/>
      <metrics loc="77" ncloc="56" classes="1" methods="2" coveredmethods="2" conditionals="0" coveredconditionals="0" statements="16" coveredstatements="16" elements="18" coveredelements="18"/>
    </file>
    <file name="/var/task/app/Http/Controllers/BoardController.php">
      <class name="App\Http\Controllers\BoardController" namespace="global">
        <metrics complexity="3" methods="3" coveredmethods="3" conditionals="0" coveredconditionals="0" statements="30" coveredstatements="30" elements="33" coveredelements="33"/>
      </class>
      <line num="18" type="method" name="departures" visibility="public" complexity="1" crap="1" count="2"/>
      <line num="25" type="stmt" count="2"/>
      <line num="27" type="stmt" count="1"/>
      <line num="29" type="stmt" count="1"/>
      <line num="30" type="stmt" count="1"/>
      <line num="31" type="stmt" count="1"/>
      <line num="32" type="stmt" count="1"/>
      <line num="33" type="stmt" count="1"/>
      <line num="34" type="stmt" count="1"/>
      <line num="35" type="stmt" count="1"/>
      <line num="36" type="stmt" count="1"/>
      <line num="39" type="method" name="departuresPlatform" visibility="public" complexity="1" crap="1" count="1"/>
      <line num="47" type="stmt" count="1"/>
      <line num="49" type="stmt" count="1"/>
      <line num="51" type="stmt" count="1"/>
      <line num="52" type="stmt" count="1"/>
      <line num="53" type="stmt" count="1"/>
      <line num="54" type="stmt" count="1"/>
      <line num="55" type="stmt" count="1"/>
      <line num="56" type="stmt" count="1"/>
      <line num="57" type="stmt" count="1"/>
      <line num="58" type="stmt" count="1"/>
      <line num="61" type="method" name="arrivals" visibility="public" complexity="1" crap="1" count="1"/>
      <line num="68" type="stmt" count="1"/>
      <line num="70" type="stmt" count="1"/>
      <line num="72" type="stmt" count="1"/>
      <line num="73" type="stmt" count="1"/>
      <line num="74" type="stmt" count="1"/>
      <line num="75" type="stmt" count="1"/>
      <line num="76" type="stmt" count="1"/>
      <line num="77" type="stmt" count="1"/>
      <line num="78" type="stmt" count="1"/>
      <line num="79" type="stmt" count="1"/>
      <metrics loc="82" ncloc="82" classes="1" methods="3" coveredmethods="3" conditionals="0" coveredconditionals="0" statements="30" coveredstatements="30" elements="33" coveredelements="33"/>
    </file>
    <file name="/var/task/app/Http/Controllers/Controller.php">
      <class name="App\Http\Controllers\Controller" namespace="global">
        <metrics complexity="0" methods="0" coveredmethods="0" conditionals="0" coveredconditionals="0" statements="0" coveredstatements="0" elements="0" coveredelements="0"/>
      </class>
      <metrics loc="16" ncloc="16" classes="0" methods="0" coveredmethods="0" conditionals="0" coveredconditionals="0" statements="0" coveredstatements="0" elements="0" coveredelements="0"/>
    </file>
    <file name="/var/task/app/Http/Controllers/NewsController.php">
      <class name="App\Http\Controllers\NewsController" namespace="global">
        <metrics complexity="1" methods="1" coveredmethods="1" conditionals="0" coveredconditionals="0" statements="4" coveredstatements="4" elements="5" coveredelements="5"/>
      </class>
      <line num="13" type="method" name="get" visibility="public" complexity="1" crap="1" count="1"/>
      <line num="15" type="stmt" count="1"/>
      <line num="16" type="stmt" count="1"/>
      <line num="17" type="stmt" count="1"/>
      <line num="18" type="stmt" count="1"/>
      <metrics loc="21" ncloc="21" classes="1" methods="1" coveredmethods="1" conditionals="0" coveredconditionals="0" statements="4" coveredstatements="4" elements="5" coveredelements="5"/>
    </file>
    <file name="/var/task/app/Http/Controllers/RealTimeIncidentsController.php">
      <class name="App\Http\Controllers\RealTimeIncidentsController" namespace="global">
        <metrics complexity="1" methods="1" coveredmethods="1" conditionals="0" coveredconditionals="0" statements="4" coveredstatements="4" elements="5" coveredelements="5"/>
      </class>
      <line num="12" type="method" name="get" visibility="public" complexity="1" crap="1" count="1"/>
      <line num="14" type="stmt" count="1"/>
      <line num="15" type="stmt" count="1"/>
      <line num="16" type="stmt" count="1"/>
      <line num="17" type="stmt" count="1"/>
      <metrics loc="20" ncloc="20" classes="1" methods="1" coveredmethods="1" conditionals="0" coveredconditionals="0" statements="4" coveredstatements="4" elements="5" coveredelements="5"/>
    </file>
    <file name="/var/task/app/Http/Controllers/ServiceIndicatorController.php">
      <class name="App\Http\Controllers\ServiceIndicatorController" namespace="global">
        <metrics complexity="1" methods="1" coveredmethods="1" conditionals="0" coveredconditionals="0" statements="4" coveredstatements="4" elements="5" coveredelements="5"/>
      </class>
      <line num="13" type="method" name="get" visibility="public" complexity="1" crap="1" count="1"/>
      <line num="15" type="stmt" count="1"/>
      <line num="16" type="stmt" count="1"/>
      <line num="17" type="stmt" count="1"/>
      <line num="18" type="stmt" count="1"/>
      <metrics loc="21" ncloc="21" classes="1" methods="1" coveredmethods="1" conditionals="0" coveredconditionals="0" statements="4" coveredstatements="4" elements="5" coveredelements="5"/>
    </file>
    <file name="/var/task/app/Http/Controllers/StationController.php">
      <class name="App\Http\Controllers\StationController" namespace="global">
        <metrics complexity="5" methods="5" coveredmethods="5" conditionals="0" coveredconditionals="0" statements="20" coveredstatements="20" elements="25" coveredelements="25"/>
      </class>
      <line num="18" type="method" name="search" visibility="public" complexity="1" crap="1" count="1"/>
      <line num="20" type="stmt" count="1"/>
      <line num="21" type="stmt" count="1"/>
      <line num="22" type="stmt" count="1"/>
      <line num="23" type="stmt" count="1"/>
      <line num="26" type="method" name="messages" visibility="public" complexity="1" crap="1" count="1"/>
      <line num="28" type="stmt" count="1"/>
      <line num="29" type="stmt" count="1"/>
      <line num="30" type="stmt" count="1"/>
      <line num="31" type="stmt" count="1"/>
      <line num="34" type="method" name="assets" visibility="public" complexity="1" crap="1" count="1"/>
      <line num="36" type="stmt" count="1"/>
      <line num="37" type="stmt" count="1"/>
      <line num="38" type="stmt" count="1"/>
      <line num="39" type="stmt" count="1"/>
      <line num="42" type="method" name="lifts" visibility="public" complexity="1" crap="1" count="1"/>
      <line num="44" type="stmt" count="1"/>
      <line num="45" type="stmt" count="1"/>
      <line num="46" type="stmt" count="1"/>
      <line num="47" type="stmt" count="1"/>
      <line num="50" type="method" name="escalators" visibility="public" complexity="1" crap="1" count="1"/>
      <line num="52" type="stmt" count="1"/>
      <line num="53" type="stmt" count="1"/>
      <line num="54" type="stmt" count="1"/>
      <line num="55" type="stmt" count="1"/>
      <metrics loc="58" ncloc="58" classes="1" methods="5" coveredmethods="5" conditionals="0" coveredconditionals="0" statements="20" coveredstatements="20" elements="25" coveredelements="25"/>
    </file>
    <file name="/var/task/app/Http/Controllers/UserController.php">
      <class name="App\Http\Controllers\UserController" namespace="global">
        <metrics complexity="2" methods="2" coveredmethods="2" conditionals="0" coveredconditionals="0" statements="19" coveredstatements="19" elements="21" coveredelements="21"/>
      </class>
      <line num="21" type="method" name="add" visibility="public" complexity="1" crap="1" count="3"/>
      <line num="23" type="stmt" count="3"/>
      <line num="24" type="stmt" count="3"/>
      <line num="25" type="stmt" count="3"/>
      <line num="26" type="stmt" count="3"/>
      <line num="27" type="stmt" count="3"/>
      <line num="29" type="stmt" count="3"/>
      <line num="31" type="stmt" count="3"/>
      <line num="32" type="stmt" count="3"/>
      <line num="33" type="stmt" count="3"/>
      <line num="34" type="stmt" count="3"/>
      <line num="37" type="method" name="remove" visibility="public" complexity="1" crap="1" count="3"/>
      <line num="39" type="stmt" count="3"/>
      <line num="40" type="stmt" count="3"/>
      <line num="41" type="stmt" count="3"/>
      <line num="42" type="stmt" count="3"/>
      <line num="44" type="stmt" count="3"/>
      <line num="46" type="stmt" count="2"/>
      <line num="47" type="stmt" count="2"/>
      <line num="48" type="stmt" count="2"/>
      <line num="49" type="stmt" count="2"/>
      <metrics loc="52" ncloc="52" classes="1" methods="2" coveredmethods="2" conditionals="0" coveredconditionals="0" statements="19" coveredstatements="19" elements="21" coveredelements="21"/>
    </file>
    <file name="/var/task/app/Http/Kernel.php">
      <class name="App\Http\Kernel" namespace="global">
        <metrics complexity="0" methods="0" coveredmethods="0" conditionals="0" coveredconditionals="0" statements="0" coveredstatements="0" elements="0" coveredelements="0"/>
      </class>
      <metrics loc="71" ncloc="50" classes="0" methods="0" coveredmethods="0" conditionals="0" coveredconditionals="0" statements="0" coveredstatements="0" elements="0" coveredelements="0"/>
    </file>
    <file name="/var/task/app/Http/Middleware/EncryptCookies.php">
      <class name="App\Http\Middleware\EncryptCookies" namespace="global">
        <metrics complexity="0" methods="0" coveredmethods="0" conditionals="0" coveredconditionals="0" statements="0" coveredstatements="0" elements="0" coveredelements="0"/>
      </class>
      <metrics loc="20" ncloc="15" classes="0" methods="0" coveredmethods="0" conditionals="0" coveredconditionals="0" statements="0" coveredstatements="0" elements="0" coveredelements="0"/>
    </file>
    <file name="/var/task/app/Http/Middleware/FatController.php">
      <class name="App\Http\Middleware\FatController" namespace="global">
        <metrics complexity="2" methods="1" coveredmethods="1" conditionals="0" coveredconditionals="0" statements="6" coveredstatements="6" elements="7" coveredelements="7"/>
      </class>
      <line num="14" type="method" name="handle" visibility="public" complexity="2" crap="2" count="12"/>
      <line num="16" type="stmt" count="12"/>
      <line num="17" type="stmt" count="12"/>
      <line num="18" type="stmt" count="12"/>
      <line num="20" type="stmt" count="12"/>
      <line num="21" type="stmt" count="3"/>
      <line num="24" type="stmt" count="9"/>
      <metrics loc="27" ncloc="27" classes="1" methods="1" coveredmethods="1" conditionals="0" coveredconditionals="0" statements="6" coveredstatements="6" elements="7" coveredelements="7"/>
    </file>
    <file name="/var/task/app/Http/Middleware/PreventRequestsDuringMaintenance.php">
      <class name="App\Http\Middleware\PreventRequestsDuringMaintenance" namespace="global">
        <metrics complexity="0" methods="0" coveredmethods="0" conditionals="0" coveredconditionals="0" statements="0" coveredstatements="0" elements="0" coveredelements="0"/>
      </class>
      <metrics loc="20" ncloc="15" classes="0" methods="0" coveredmethods="0" conditionals="0" coveredconditionals="0" statements="0" coveredstatements="0" elements="0" coveredelements="0"/>
    </file>
    <file name="/var/task/app/Http/Middleware/TrimStrings.php">
      <class name="App\Http\Middleware\TrimStrings" namespace="global">
        <metrics complexity="0" methods="0" coveredmethods="0" conditionals="0" coveredconditionals="0" statements="0" coveredstatements="0" elements="0" coveredelements="0"/>
      </class>
      <metrics loc="22" ncloc="17" classes="0" methods="0" coveredmethods="0" conditionals="0" coveredconditionals="0" statements="0" coveredstatements="0" elements="0" coveredelements="0"/>
    </file>
    <file name="/var/task/app/Http/Middleware/TrustProxies.php">
      <class name="App\Http\Middleware\TrustProxies" namespace="global">
        <metrics complexity="0" methods="0" coveredmethods="0" conditionals="0" coveredconditionals="0" statements="0" coveredstatements="0" elements="0" coveredelements="0"/>
      </class>
      <metrics loc="31" ncloc="21" classes="0" methods="0" coveredmethods="0" conditionals="0" coveredconditionals="0" statements="0" coveredstatements="0" elements="0" coveredelements="0"/>
    </file>
    <file name="/var/task/app/Http/Middleware/ValidateSignature.php">
      <class name="App\Http\Middleware\ValidateSignature" namespace="global">
        <metrics complexity="0" methods="0" coveredmethods="0" conditionals="0" coveredconditionals="0" statements="0" coveredstatements="0" elements="0" coveredelements="0"/>
      </class>
      <metrics loc="25" ncloc="20" classes="0" methods="0" coveredmethods="0" conditionals="0" coveredconditionals="0" statements="0" coveredstatements="0" elements="0" coveredelements="0"/>
    </file>
    <file name="/var/task/app/Http/Middleware/VerifyCsrfToken.php">
      <class name="App\Http\Middleware\VerifyCsrfToken" namespace="global">
        <metrics complexity="0" methods="0" coveredmethods="0" conditionals="0" coveredconditionals="0" statements="0" coveredstatements="0" elements="0" coveredelements="0"/>
      </class>
      <metrics loc="20" ncloc="15" classes="0" methods="0" coveredmethods="0" conditionals="0" coveredconditionals="0" statements="0" coveredstatements="0" elements="0" coveredelements="0"/>
    </file>
    <file name="/var/task/app/Http/Requests/AddUserRequest.php">
      <class name="App\Http\Requests\AddUserRequest" namespace="global">
        <metrics complexity="2" methods="2" coveredmethods="2" conditionals="0" coveredconditionals="0" statements="6" coveredstatements="6" elements="8" coveredelements="8"/>
      </class>
      <line num="16" type="method" name="authorize" visibility="public" complexity="1" crap="1" count="6"/>
      <line num="18" type="stmt" count="6"/>
      <line num="26" type="method" name="rules" visibility="public" complexity="1" crap="1" count="6"/>
      <line num="28" type="stmt" count="6"/>
      <line num="29" type="stmt" count="6"/>
      <line num="30" type="stmt" count="6"/>
      <line num="31" type="stmt" count="6"/>
      <line num="32" type="stmt" count="6"/>
      <metrics loc="35" ncloc="25" classes="1" methods="2" coveredmethods="2" conditionals="0" coveredconditionals="0" statements="6" coveredstatements="6" elements="8" coveredelements="8"/>
    </file>
    <file name="/var/task/app/Http/Requests/RemoveUserRequest.php">
      <class name="App\Http\Requests\RemoveUserRequest" namespace="global">
        <metrics complexity="2" methods="2" coveredmethods="2" conditionals="0" coveredconditionals="0" statements="4" coveredstatements="4" elements="6" coveredelements="6"/>
      </class>
      <line num="16" type="method" name="authorize" visibility="public" complexity="1" crap="1" count="4"/>
      <line num="18" type="stmt" count="4"/>
      <line num="26" type="method" name="rules" visibility="public" complexity="1" crap="1" count="4"/>
      <line num="28" type="stmt" count="4"/>
      <line num="29" type="stmt" count="4"/>
      <line num="30" type="stmt" count="4"/>
      <metrics loc="33" ncloc="23" classes="1" methods="2" coveredmethods="2" conditionals="0" coveredconditionals="0" statements="4" coveredstatements="4" elements="6" coveredelements="6"/>
    </file>
    <file name="/var/task/app/Http/Requests/SearchStationRequest.php">
      <class name="App\Http\Requests\SearchStationRequest" namespace="global">
        <metrics complexity="2" methods="2" coveredmethods="2" conditionals="0" coveredconditionals="0" statements="4" coveredstatements="4" elements="6" coveredelements="6"/>
      </class>
      <line num="16" type="method" name="authorize" visibility="public" complexity="1" crap="1" count="2"/>
      <line num="18" type="stmt" count="2"/>
      <line num="26" type="method" name="rules" visibility="public" complexity="1" crap="1" count="2"/>
      <line num="28" type="stmt" count="2"/>
      <line num="29" type="stmt" count="2"/>
      <line num="30" type="stmt" count="2"/>
      <metrics loc="33" ncloc="23" classes="1" methods="2" coveredmethods="2" conditionals="0" coveredconditionals="0" statements="4" coveredstatements="4" elements="6" coveredelements="6"/>
    </file>
    <file name="/var/task/app/Models/User.php">
      <class name="App\Models\User" namespace="global">
        <metrics complexity="0" methods="0" coveredmethods="0" conditionals="0" coveredconditionals="0" statements="0" coveredstatements="0" elements="0" coveredelements="0"/>
      </class>
      <metrics loc="47" ncloc="31" classes="0" methods="0" coveredmethods="0" conditionals="0" coveredconditionals="0" statements="0" coveredstatements="0" elements="0" coveredelements="0"/>
    </file>
    <metrics files="209" loc="7990" ncloc="7827" classes="176" methods="526" coveredmethods="515" conditionals="0" coveredconditionals="0" statements="1757" coveredstatements="1690" elements="2283" coveredelements="2205"/>
  </project>
</coverage>
