<?xml version="1.0" encoding="UTF-8"?>
<coverage generated="1773004459">
  <project timestamp="1773004459" name="Clover Coverage">
    <package name="Thomas\Boards\Domain">
      <file name="/var/task/Thomas/Boards/Domain/Board.php">
        <class name="Thomas\Boards\Domain\Board" namespace="Thomas\Boards\Domain">
          <metrics complexity="3" methods="3" coveredmethods="3" conditionals="0" coveredconditionals="0" statements="9" coveredstatements="9" elements="12" coveredelements="12"/>
        </class>
        <line num="16" type="method" name="__construct" visibility="public" complexity="1" crap="1" count="15"/>
        <line num="23" type="stmt" count="15"/>
        <line num="25" type="method" name="toArray" visibility="public" complexity="1" crap="1" count="3"/>
        <line num="27" type="stmt" count="3"/>
        <line num="28" type="stmt" count="3"/>
        <line num="29" type="stmt" count="3"/>
        <line num="30" type="stmt" count="3"/>
        <line num="31" type="stmt" count="3"/>
        <line num="32" type="stmt" count="3"/>
        <line num="33" type="stmt" count="3"/>
        <line num="36" type="method" name="jsonSerialize" visibility="public" complexity="1" crap="1" count="3"/>
        <line num="38" type="stmt" count="3"/>
        <metrics loc="41" ncloc="41" classes="1" methods="3" coveredmethods="3" conditionals="0" coveredconditionals="0" statements="9" coveredstatements="9" elements="12" coveredelements="12"/>
      </file>
      <file name="/var/task/Thomas/Boards/Domain/BoardTitle.php">
        <class name="Thomas\Boards\Domain\BoardTitle" namespace="Thomas\Boards\Domain">
          <metrics complexity="0" methods="0" coveredmethods="0" conditionals="0" coveredconditionals="0" statements="0" coveredstatements="0" elements="0" coveredelements="0"/>
        </class>
        <metrics loc="13" ncloc="12" classes="0" methods="0" coveredmethods="0" conditionals="0" coveredconditionals="0" statements="0" coveredstatements="0" elements="0" coveredelements="0"/>
      </file>
      <file name="/var/task/Thomas/Boards/Domain/Message.php">
        <class name="Thomas\Boards\Domain\Message" namespace="Thomas\Boards\Domain">
          <metrics complexity="0" methods="0" coveredmethods="0" conditionals="0" coveredconditionals="0" statements="0" coveredstatements="0" elements="0" coveredelements="0"/>
        </class>
        <metrics loc="13" ncloc="12" classes="0" methods="0" coveredmethods="0" conditionals="0" coveredconditionals="0" statements="0" coveredstatements="0" elements="0" coveredelements="0"/>
      </file>
      <file name="/var/task/Thomas/Boards/Domain/Messages.php">
        <class name="Thomas\Boards\Domain\Messages" namespace="Thomas\Boards\Domain">
          <metrics complexity="0" methods="0" coveredmethods="0" conditionals="0" coveredconditionals="0" statements="0" coveredstatements="0" elements="0" coveredelements="0"/>
        </class>
        <metrics loc="14" ncloc="14" classes="0" methods="0" coveredmethods="0" conditionals="0" coveredconditionals="0" statements="0" coveredstatements="0" elements="0" coveredelements="0"/>
      </file>
      <file name="/var/task/Thomas/Boards/Domain/OperatorCode.php">
        <class name="Thomas\Boards\Domain\OperatorCode" namespace="Thomas\Boards\Domain">
          <metrics complexity="0" methods="0" coveredmethods="0" conditionals="0" coveredconditionals="0" statements="0" coveredstatements="0" elements="0" coveredelements="0"/>
        </class>
        <metrics loc="13" ncloc="12" classes="0" methods="0" coveredmethods="0" conditionals="0" coveredconditionals="0" statements="0" coveredstatements="0" elements="0" coveredelements="0"/>
      </file>
      <file name="/var/task/Thomas/Boards/Domain/OperatorCodes.php">
        <class name="Thomas\Boards\Domain\OperatorCodes" namespace="Thomas\Boards\Domain">
          <metrics complexity="1" methods="1" coveredmethods="1" conditionals="0" coveredconditionals="0" statements="1" coveredstatements="1" elements="2" coveredelements="2"/>
        </class>
        <line num="14" type="method" name="toStrings" visibility="public" complexity="1" crap="1" count="3"/>
        <line num="16" type="stmt" count="3"/>
        <metrics loc="19" ncloc="19" classes="1" methods="1" coveredmethods="1" conditionals="0" coveredconditionals="0" statements="1" coveredstatements="1" elements="2" coveredelements="2"/>
      </file>
      <file name="/var/task/Thomas/Boards/Domain/Service.php">
        <class name="Thomas\Boards\Domain\Service" namespace="Thomas\Boards\Domain">
          <metrics complexity="4" methods="4" coveredmethods="4" conditionals="0" coveredconditionals="0" statements="19" coveredstatements="19" elements="23" coveredelements="23"/>
        </class>
        <line num="12" type="method" name="__construct" visibility="public" complexity="1" crap="1" count="15"/>
        <line num="23" type="stmt" count="15"/>
        <line num="25" type="method" name="toArray" visibility="public" complexity="1" crap="1" count="3"/>
        <line num="27" type="stmt" count="3"/>
        <line num="28" type="stmt" count="3"/>
        <line num="29" type="stmt" count="3"/>
        <line num="30" type="stmt" count="3"/>
        <line num="31" type="stmt" count="3"/>
        <line num="32" type="stmt" count="3"/>
        <line num="33" type="stmt" count="3"/>
        <line num="34" type="stmt" count="3"/>
        <line num="35" type="stmt" count="3"/>
        <line num="36" type="stmt" count="3"/>
        <line num="37" type="stmt" count="3"/>
        <line num="40" type="method" name="display" visibility="public" complexity="1" crap="1" count="1"/>
        <line num="42" type="stmt" count="1"/>
        <line num="43" type="stmt" count="1"/>
        <line num="44" type="stmt" count="1"/>
        <line num="45" type="stmt" count="1"/>
        <line num="46" type="stmt" count="1"/>
        <line num="47" type="stmt" count="1"/>
        <line num="50" type="method" name="jsonSerialize" visibility="public" complexity="1" crap="1" count="3"/>
        <line num="52" type="stmt" count="3"/>
        <metrics loc="55" ncloc="55" classes="1" methods="4" coveredmethods="4" conditionals="0" coveredconditionals="0" statements="19" coveredstatements="19" elements="23" coveredelements="23"/>
      </file>
      <file name="/var/task/Thomas/Boards/Domain/Services.php">
        <class name="Thomas\Boards\Domain\Services" namespace="Thomas\Boards\Domain">
          <metrics complexity="0" methods="0" coveredmethods="0" conditionals="0" coveredconditionals="0" statements="0" coveredstatements="0" elements="0" coveredelements="0"/>
        </class>
        <metrics loc="13" ncloc="13" classes="0" methods="0" coveredmethods="0" conditionals="0" coveredconditionals="0" statements="0" coveredstatements="0" elements="0" coveredelements="0"/>
      </file>
    </package>
    <file name="/var/task/Thomas/Boards/Domain/BoardDataService.php">
      <metrics loc="16" ncloc="16" classes="0" methods="0" coveredmethods="0" conditionals="0" coveredconditionals="0" statements="0" coveredstatements="0" elements="0" coveredelements="0"/>
    </file>
    <file name="/var/task/Thomas/Boards/Domain/BoardType.php">
      <metrics loc="13" ncloc="13" classes="0" methods="0" coveredmethods="0" conditionals="0" coveredconditionals="0" statements="0" coveredstatements="0" elements="0" coveredelements="0"/>
    </file>
    <package name="Thomas\Boards\Providers\NationalRailEnquiries">
      <file name="/var/task/Thomas/Boards/Providers/NationalRailEnquiries/NREBoardMapper.php">
        <class name="Thomas\Boards\Providers\NationalRailEnquiries\NREBoardMapper" namespace="Thomas\Boards\Providers\NationalRailEnquiries">
          <metrics complexity="30" methods="17" coveredmethods="17" conditionals="0" coveredconditionals="0" statements="87" coveredstatements="87" elements="104" coveredelements="104"/>
        </class>
        <line num="23" type="method" name="toDepartureBoard" visibility="public" complexity="1" crap="1" count="6"/>
        <line num="25" type="stmt" count="6"/>
        <line num="28" type="method" name="toArrivalBoard" visibility="public" complexity="1" crap="1" count="4"/>
        <line num="30" type="stmt" count="4"/>
        <line num="33" type="method" name="toPlatformBoard" visibility="public" complexity="1" crap="1" count="4"/>
        <line num="35" type="stmt" count="4"/>
        <line num="38" type="method" name="toBoard" visibility="private" complexity="1" crap="1" count="12"/>
        <line num="40" type="stmt" count="12"/>
        <line num="42" type="stmt" count="12"/>
        <line num="43" type="stmt" count="12"/>
        <line num="44" type="stmt" count="12"/>
        <line num="45" type="stmt" count="12"/>
        <line num="46" type="stmt" count="12"/>
        <line num="47" type="stmt" count="12"/>
        <line num="48" type="stmt" count="12"/>
        <line num="51" type="method" name="cleanMessage" visibility="private" complexity="1" crap="1" count="9"/>
        <line num="53" type="stmt" count="9"/>
        <line num="54" type="stmt" count="9"/>
        <line num="55" type="stmt" count="9"/>
        <line num="56" type="stmt" count="9"/>
        <line num="58" type="stmt" count="9"/>
        <line num="61" type="method" name="parseServices" visibility="private" complexity="1" crap="1" count="12"/>
        <line num="63" type="stmt" count="12"/>
        <line num="64" type="stmt" count="12"/>
        <line num="65" type="stmt" count="12"/>
        <line num="66" type="stmt" count="12"/>
        <line num="67" type="stmt" count="12"/>
        <line num="68" type="stmt" count="12"/>
        <line num="71" type="method" name="parseService" visibility="private" complexity="2" crap="2" count="12"/>
        <line num="73" type="stmt" count="12"/>
        <line num="74" type="stmt" count="12"/>
        <line num="75" type="stmt" count="12"/>
        <line num="76" type="stmt" count="12"/>
        <line num="77" type="stmt" count="12"/>
        <line num="78" type="stmt" count="12"/>
        <line num="79" type="stmt" count="12"/>
        <line num="80" type="stmt" count="12"/>
        <line num="81" type="stmt" count="12"/>
        <line num="82" type="stmt" count="12"/>
        <line num="83" type="stmt" count="12"/>
        <line num="86" type="method" name="parseCallingPoints" visibility="private" complexity="1" crap="1" count="9"/>
        <line num="88" type="stmt" count="9"/>
        <line num="89" type="stmt" count="9"/>
        <line num="90" type="stmt" count="9"/>
        <line num="91" type="stmt" count="9"/>
        <line num="94" type="method" name="getCallingAt" visibility="private" complexity="3" crap="3" count="12"/>
        <line num="96" type="stmt" count="12"/>
        <line num="97" type="stmt" count="5"/>
        <line num="100" type="stmt" count="9"/>
        <line num="102" type="stmt" count="9"/>
        <line num="103" type="stmt" count="1"/>
        <line num="106" type="stmt" count="9"/>
        <line num="108" type="stmt" count="9"/>
        <line num="111" type="method" name="getTimeFromPoint" visibility="private" complexity="2" crap="2" count="9"/>
        <line num="113" type="stmt" count="9"/>
        <line num="115" type="stmt" count="9"/>
        <line num="118" type="method" name="cleanTimeString" visibility="private" complexity="3" crap="3" count="12"/>
        <line num="120" type="stmt" count="12"/>
        <line num="121" type="stmt" count="12"/>
        <line num="124" type="stmt" count="12"/>
        <line num="127" type="method" name="getScheduledTime" visibility="private" complexity="3" crap="3" count="12"/>
        <line num="129" type="stmt" count="12"/>
        <line num="130" type="stmt" count="12"/>
        <line num="131" type="stmt" count="4"/>
        <line num="132" type="stmt" count="12"/>
        <line num="134" type="stmt" count="12"/>
        <line num="137" type="method" name="getPlatform" visibility="private" complexity="2" crap="2" count="12"/>
        <line num="139" type="stmt" count="12"/>
        <line num="142" type="method" name="getEstimatedTime" visibility="private" complexity="3" crap="3" count="12"/>
        <line num="144" type="stmt" count="12"/>
        <line num="145" type="stmt" count="12"/>
        <line num="146" type="stmt" count="4"/>
        <line num="147" type="stmt" count="12"/>
        <line num="149" type="stmt" count="12"/>
        <line num="152" type="method" name="getDestinationOrOriginFromLocations" visibility="private" complexity="3" crap="3" count="12"/>
        <line num="154" type="stmt" count="12"/>
        <line num="155" type="stmt" count="12"/>
        <line num="156" type="stmt" count="4"/>
        <line num="157" type="stmt" count="12"/>
        <line num="159" type="stmt" count="12"/>
        <line num="160" type="stmt" count="12"/>
        <line num="161" type="stmt" count="12"/>
        <line num="162" type="stmt" count="12"/>
        <line num="163" type="stmt" count="12"/>
        <line num="164" type="stmt" count="12"/>
        <line num="165" type="stmt" count="12"/>
        <line num="168" type="method" name="parseMessages" visibility="private" complexity="1" crap="1" count="12"/>
        <line num="170" type="stmt" count="12"/>
        <line num="171" type="stmt" count="12"/>
        <line num="172" type="stmt" count="12"/>
        <line num="173" type="stmt" count="12"/>
        <line num="174" type="stmt" count="12"/>
        <line num="175" type="stmt" count="12"/>
        <line num="178" type="method" name="getOperators" visibility="private" complexity="1" crap="1" count="12"/>
        <line num="180" type="stmt" count="12"/>
        <line num="181" type="stmt" count="12"/>
        <line num="182" type="stmt" count="12"/>
        <line num="183" type="stmt" count="12"/>
        <line num="184" type="stmt" count="12"/>
        <line num="185" type="stmt" count="12"/>
        <line num="186" type="stmt" count="12"/>
        <line num="187" type="stmt" count="12"/>
        <line num="188" type="stmt" count="12"/>
        <line num="189" type="stmt" count="12"/>
        <metrics loc="192" ncloc="192" classes="1" methods="17" coveredmethods="17" conditionals="0" coveredconditionals="0" statements="87" coveredstatements="87" elements="104" coveredelements="104"/>
      </file>
      <file name="/var/task/Thomas/Boards/Providers/NationalRailEnquiries/NationalRailEnquiriesService.php">
        <class name="Thomas\Boards\Providers\NationalRailEnquiries\NationalRailEnquiriesService" namespace="Thomas\Boards\Providers\NationalRailEnquiries">
          <metrics complexity="7" methods="5" coveredmethods="5" conditionals="0" coveredconditionals="0" statements="18" coveredstatements="18" elements="23" coveredelements="23"/>
        </class>
        <line num="16" type="method" name="__construct" visibility="public" complexity="1" crap="1" count="8"/>
        <line num="21" type="stmt" count="8"/>
        <line num="23" type="method" name="departures" visibility="public" complexity="1" crap="1" count="3"/>
        <line num="25" type="stmt" count="3"/>
        <line num="26" type="stmt" count="3"/>
        <line num="28" type="stmt" count="3"/>
        <line num="31" type="method" name="arrivals" visibility="public" complexity="1" crap="1" count="3"/>
        <line num="33" type="stmt" count="3"/>
        <line num="34" type="stmt" count="3"/>
        <line num="36" type="stmt" count="3"/>
        <line num="39" type="method" name="departuresPlatform" visibility="public" complexity="3" crap="3" count="3"/>
        <line num="41" type="stmt" count="3"/>
        <line num="43" type="stmt" count="3"/>
        <line num="45" type="stmt" count="3"/>
        <line num="46" type="stmt" count="3"/>
        <line num="47" type="stmt" count="3"/>
        <line num="48" type="stmt" count="3"/>
        <line num="50" type="stmt" count="3"/>
        <line num="51" type="stmt" count="3"/>
        <line num="54" type="stmt" count="3"/>
        <line num="56" type="stmt" count="3"/>
        <line num="59" type="method" name="getBoard" visibility="private" complexity="1" crap="1" count="7"/>
        <line num="61" type="stmt" count="7"/>
        <metrics loc="64" ncloc="64" classes="1" methods="5" coveredmethods="5" conditionals="0" coveredconditionals="0" statements="18" coveredstatements="18" elements="23" coveredelements="23"/>
      </file>
    </package>
    <package name="Thomas\Boards\Providers\RealTimeTrains\Exceptions">
      <file name="/var/task/Thomas/Boards/Providers/RealTimeTrains/Exceptions/InvalidServiceUid.php">
        <class name="Thomas\Boards\Providers\RealTimeTrains\Exceptions\InvalidServiceUid" namespace="Thomas\Boards\Providers\RealTimeTrains\Exceptions">
          <metrics complexity="2" methods="2" coveredmethods="2" conditionals="0" coveredconditionals="0" statements="2" coveredstatements="2" elements="4" coveredelements="4"/>
        </class>
        <line num="11" type="method" name="__construct" visibility="private" complexity="1" crap="1" count="1"/>
        <line num="13" type="stmt" count="1"/>
        <line num="16" type="method" name="fromString" visibility="public" complexity="1" crap="1" count="1"/>
        <line num="18" type="stmt" count="1"/>
        <metrics loc="21" ncloc="21" classes="1" methods="2" coveredmethods="2" conditionals="0" coveredconditionals="0" statements="2" coveredstatements="2" elements="4" coveredelements="4"/>
      </file>
    </package>
    <package name="Thomas\Boards\Providers\RealTimeTrains">
      <file name="/var/task/Thomas/Boards/Providers/RealTimeTrains/RTTBoardMapper.php">
        <class name="Thomas\Boards\Providers\RealTimeTrains\RTTBoardMapper" namespace="Thomas\Boards\Providers\RealTimeTrains">
          <metrics complexity="24" methods="12" coveredmethods="12" conditionals="0" coveredconditionals="0" statements="72" coveredstatements="72" elements="84" coveredelements="84"/>
        </class>
        <line num="20" type="method" name="toDepartureBoard" visibility="public" complexity="1" crap="1" count="1"/>
        <line num="22" type="stmt" count="1"/>
        <line num="23" type="stmt" count="1"/>
        <line num="24" type="stmt" count="1"/>
        <line num="25" type="stmt" count="1"/>
        <line num="26" type="stmt" count="1"/>
        <line num="27" type="stmt" count="1"/>
        <line num="28" type="stmt" count="1"/>
        <line num="31" type="method" name="toArrivalBoard" visibility="public" complexity="1" crap="1" count="1"/>
        <line num="33" type="stmt" count="1"/>
        <line num="34" type="stmt" count="1"/>
        <line num="35" type="stmt" count="1"/>
        <line num="36" type="stmt" count="1"/>
        <line num="37" type="stmt" count="1"/>
        <line num="38" type="stmt" count="1"/>
        <line num="39" type="stmt" count="1"/>
        <line num="42" type="method" name="toPlatformBoard" visibility="public" complexity="1" crap="1" count="1"/>
        <line num="44" type="stmt" count="1"/>
        <line num="45" type="stmt" count="1"/>
        <line num="46" type="stmt" count="1"/>
        <line num="47" type="stmt" count="1"/>
        <line num="48" type="stmt" count="1"/>
        <line num="49" type="stmt" count="1"/>
        <line num="50" type="stmt" count="1"/>
        <line num="54" type="method" name="parseServices" visibility="private" complexity="1" crap="1" count="3"/>
        <line num="56" type="stmt" count="3"/>
        <line num="57" type="stmt" count="3"/>
        <line num="58" type="stmt" count="3"/>
        <line num="59" type="stmt" count="3"/>
        <line num="60" type="stmt" count="3"/>
        <line num="61" type="stmt" count="3"/>
        <line num="64" type="method" name="parseService" visibility="private" complexity="3" crap="3" count="3"/>
        <line num="66" type="stmt" count="3"/>
        <line num="67" type="stmt" count="3"/>
        <line num="68" type="stmt" count="3"/>
        <line num="69" type="stmt" count="3"/>
        <line num="70" type="stmt" count="3"/>
        <line num="71" type="stmt" count="3"/>
        <line num="72" type="stmt" count="3"/>
        <line num="73" type="stmt" count="3"/>
        <line num="74" type="stmt" count="3"/>
        <line num="75" type="stmt" count="3"/>
        <line num="76" type="stmt" count="3"/>
        <line num="79" type="method" name="getCallingPoints" visibility="private" complexity="3" crap="3" count="1"/>
        <line num="81" type="stmt" count="1"/>
        <line num="82" type="stmt" count="1"/>
        <line num="85" type="stmt" count="1"/>
        <line num="87" type="stmt" count="1"/>
        <line num="88" type="stmt" count="1"/>
        <line num="91" type="stmt" count="1"/>
        <line num="93" type="stmt" count="1"/>
        <line num="97" type="method" name="parseCallingPoints" visibility="private" complexity="1" crap="1" count="1"/>
        <line num="99" type="stmt" count="1"/>
        <line num="102" type="method" name="parsePoint" visibility="private" complexity="1" crap="1" count="1"/>
        <line num="104" type="stmt" count="1"/>
        <line num="106" type="stmt" count="1"/>
        <line num="109" type="method" name="getScheduledTime" visibility="private" complexity="3" crap="3" count="3"/>
        <line num="112" type="stmt" count="3"/>
        <line num="113" type="stmt" count="3"/>
        <line num="117" type="method" name="getDestinationOrOrigin" visibility="private" complexity="3" crap="3" count="3"/>
        <line num="120" type="stmt" count="3"/>
        <line num="121" type="stmt" count="3"/>
        <line num="125" type="method" name="getExpectedTime" visibility="private" complexity="5" crap="5" count="3"/>
        <line num="127" type="stmt" count="3"/>
        <line num="128" type="stmt" count="3"/>
        <line num="131" type="stmt" count="3"/>
        <line num="132" type="stmt" count="3"/>
        <line num="133" type="stmt" count="1"/>
        <line num="134" type="stmt" count="3"/>
        <line num="136" type="stmt" count="3"/>
        <line num="138" type="stmt" count="3"/>
        <line num="139" type="stmt" count="2"/>
        <line num="142" type="stmt" count="1"/>
        <line num="145" type="method" name="getOperators" visibility="private" complexity="1" crap="1" count="3"/>
        <line num="147" type="stmt" count="3"/>
        <line num="148" type="stmt" count="3"/>
        <line num="149" type="stmt" count="3"/>
        <line num="150" type="stmt" count="3"/>
        <line num="151" type="stmt" count="3"/>
        <line num="152" type="stmt" count="3"/>
        <line num="153" type="stmt" count="3"/>
        <line num="154" type="stmt" count="3"/>
        <line num="155" type="stmt" count="3"/>
        <line num="156" type="stmt" count="3"/>
        <metrics loc="159" ncloc="159" classes="1" methods="12" coveredmethods="12" conditionals="0" coveredconditionals="0" statements="72" coveredstatements="72" elements="84" coveredelements="84"/>
      </file>
      <file name="/var/task/Thomas/Boards/Providers/RealTimeTrains/RealTimeTrainsService.php">
        <class name="Thomas\Boards\Providers\RealTimeTrains\RealTimeTrainsService" namespace="Thomas\Boards\Providers\RealTimeTrains">
          <metrics complexity="12" methods="7" coveredmethods="7" conditionals="0" coveredconditionals="0" statements="45" coveredstatements="45" elements="52" coveredelements="52"/>
        </class>
        <line num="18" type="method" name="__construct" visibility="public" complexity="1" crap="1" count="3"/>
        <line num="24" type="stmt" count="3"/>
        <line num="26" type="method" name="departures" visibility="public" complexity="1" crap="1" count="1"/>
        <line num="28" type="stmt" count="1"/>
        <line num="29" type="stmt" count="1"/>
        <line num="30" type="stmt" count="1"/>
        <line num="32" type="stmt" count="1"/>
        <line num="34" type="stmt" count="1"/>
        <line num="36" type="stmt" count="1"/>
        <line num="39" type="method" name="arrivals" visibility="public" complexity="1" crap="1" count="1"/>
        <line num="41" type="stmt" count="1"/>
        <line num="42" type="stmt" count="1"/>
        <line num="43" type="stmt" count="1"/>
        <line num="44" type="stmt" count="1"/>
        <line num="46" type="stmt" count="1"/>
        <line num="48" type="stmt" count="1"/>
        <line num="50" type="stmt" count="1"/>
        <line num="53" type="method" name="departuresPlatform" visibility="public" complexity="2" crap="2" count="1"/>
        <line num="55" type="stmt" count="1"/>
        <line num="56" type="stmt" count="1"/>
        <line num="57" type="stmt" count="1"/>
        <line num="59" type="stmt" count="1"/>
        <line num="61" type="stmt" count="1"/>
        <line num="62" type="stmt" count="1"/>
        <line num="65" type="stmt" count="1"/>
        <line num="67" type="stmt" count="1"/>
        <line num="70" type="method" name="getServiceCallingPoints" visibility="private" complexity="3" crap="3" count="1"/>
        <line num="72" type="stmt" count="1"/>
        <line num="73" type="stmt" count="1"/>
        <line num="75" type="stmt" count="1"/>
        <line num="77" type="stmt" count="1"/>
        <line num="78" type="stmt" count="1"/>
        <line num="79" type="stmt" count="1"/>
        <line num="81" type="stmt" count="1"/>
        <line num="85" type="stmt" count="1"/>
        <line num="88" type="method" name="parseServices" visibility="private" complexity="1" crap="1" count="3"/>
        <line num="90" type="stmt" count="3"/>
        <line num="91" type="stmt" count="3"/>
        <line num="92" type="stmt" count="3"/>
        <line num="93" type="stmt" count="3"/>
        <line num="94" type="stmt" count="3"/>
        <line num="95" type="stmt" count="3"/>
        <line num="96" type="stmt" count="3"/>
        <line num="97" type="stmt" count="3"/>
        <line num="100" type="method" name="filterTrainServices" visibility="private" complexity="3" crap="3" count="3"/>
        <line num="102" type="stmt" count="3"/>
        <line num="104" type="stmt" count="3"/>
        <line num="105" type="stmt" count="2"/>
        <line num="108" type="stmt" count="3"/>
        <line num="109" type="stmt" count="2"/>
        <line num="111" type="stmt" count="1"/>
        <line num="114" type="stmt" count="3"/>
        <metrics loc="117" ncloc="117" classes="1" methods="7" coveredmethods="7" conditionals="0" coveredconditionals="0" statements="45" coveredstatements="45" elements="52" coveredelements="52"/>
      </file>
      <file name="/var/task/Thomas/Boards/Providers/RealTimeTrains/RunDate.php">
        <class name="Thomas\Boards\Providers\RealTimeTrains\RunDate" namespace="Thomas\Boards\Providers\RealTimeTrains">
          <metrics complexity="1" methods="1" coveredmethods="1" conditionals="0" coveredconditionals="0" statements="1" coveredstatements="1" elements="2" coveredelements="2"/>
        </class>
        <line num="11" type="method" name="fromString" visibility="public" complexity="1" crap="1" count="1"/>
        <line num="13" type="stmt" count="1"/>
        <metrics loc="16" ncloc="16" classes="1" methods="1" coveredmethods="1" conditionals="0" coveredconditionals="0" statements="1" coveredstatements="1" elements="2" coveredelements="2"/>
      </file>
      <file name="/var/task/Thomas/Boards/Providers/RealTimeTrains/ServiceUid.php">
        <class name="Thomas\Boards\Providers\RealTimeTrains\ServiceUid" namespace="Thomas\Boards\Providers\RealTimeTrains">
          <metrics complexity="2" methods="1" coveredmethods="1" conditionals="0" coveredconditionals="0" statements="2" coveredstatements="2" elements="3" coveredelements="3"/>
        </class>
        <line num="14" type="method" name="__construct" visibility="public" complexity="2" crap="2" count="2"/>
        <line num="17" type="stmt" count="2"/>
        <line num="18" type="stmt" count="1"/>
        <metrics loc="22" ncloc="22" classes="1" methods="1" coveredmethods="1" conditionals="0" coveredconditionals="0" statements="2" coveredstatements="2" elements="3" coveredelements="3"/>
      </file>
    </package>
    <package name="Thomas\LiftsAndEscalators\Application\Queries">
      <file name="/var/task/Thomas/LiftsAndEscalators/Application/Queries/GetStationAssets.php">
        <class name="Thomas\LiftsAndEscalators\Application\Queries\GetStationAssets" namespace="Thomas\LiftsAndEscalators\Application\Queries">
          <metrics complexity="6" methods="2" coveredmethods="2" conditionals="0" coveredconditionals="0" statements="8" coveredstatements="8" elements="10" coveredelements="10"/>
        </class>
        <line num="15" type="method" name="__construct" visibility="public" complexity="1" crap="1" count="3"/>
        <line num="19" type="stmt" count="3"/>
        <line num="21" type="method" name="get" visibility="public" complexity="5" crap="5" count="3"/>
        <line num="24" type="stmt" count="3"/>
        <line num="26" type="stmt" count="3"/>
        <line num="27" type="stmt" count="3"/>
        <line num="28" type="stmt" count="3"/>
        <line num="32" type="stmt" count="3"/>
        <line num="33" type="stmt" count="2"/>
        <line num="34" type="stmt" count="3"/>
        <metrics loc="38" ncloc="37" classes="1" methods="2" coveredmethods="2" conditionals="0" coveredconditionals="0" statements="8" coveredstatements="8" elements="10" coveredelements="10"/>
      </file>
    </package>
    <package name="Thomas\LiftsAndEscalators\Domain">
      <file name="/var/task/Thomas/LiftsAndEscalators/Domain/Asset.php">
        <class name="Thomas\LiftsAndEscalators\Domain\Asset" namespace="Thomas\LiftsAndEscalators\Domain">
          <metrics complexity="9" methods="6" coveredmethods="6" conditionals="0" coveredconditionals="0" statements="26" coveredstatements="26" elements="32" coveredelements="32"/>
        </class>
        <line num="21" type="method" name="__construct" visibility="public" complexity="1" crap="1" count="7"/>
        <line num="32" type="stmt" count="7"/>
        <line num="34" type="method" name="isLift" visibility="public" complexity="1" crap="1" count="1"/>
        <line num="36" type="stmt" count="1"/>
        <line num="39" type="method" name="isEscalator" visibility="public" complexity="1" crap="1" count="1"/>
        <line num="41" type="stmt" count="1"/>
        <line num="44" type="method" name="toArray" visibility="public" complexity="1" crap="1" count="4"/>
        <line num="46" type="stmt" count="4"/>
        <line num="47" type="stmt" count="4"/>
        <line num="48" type="stmt" count="4"/>
        <line num="49" type="stmt" count="4"/>
        <line num="50" type="stmt" count="4"/>
        <line num="51" type="stmt" count="4"/>
        <line num="52" type="stmt" count="4"/>
        <line num="53" type="stmt" count="4"/>
        <line num="54" type="stmt" count="4"/>
        <line num="55" type="stmt" count="4"/>
        <line num="56" type="stmt" count="4"/>
        <line num="59" type="method" name="jsonSerialize" visibility="public" complexity="1" crap="1" count="4"/>
        <line num="61" type="stmt" count="4"/>
        <line num="64" type="method" name="fromArray" visibility="public" complexity="4" crap="4" count="7"/>
        <line num="66" type="stmt" count="7"/>
        <line num="67" type="stmt" count="7"/>
        <line num="68" type="stmt" count="7"/>
        <line num="69" type="stmt" count="7"/>
        <line num="70" type="stmt" count="7"/>
        <line num="71" type="stmt" count="7"/>
        <line num="72" type="stmt" count="7"/>
        <line num="73" type="stmt" count="7"/>
        <line num="74" type="stmt" count="7"/>
        <line num="75" type="stmt" count="7"/>
        <line num="76" type="stmt" count="7"/>
        <metrics loc="79" ncloc="79" classes="1" methods="6" coveredmethods="6" conditionals="0" coveredconditionals="0" statements="26" coveredstatements="26" elements="32" coveredelements="32"/>
      </file>
      <file name="/var/task/Thomas/LiftsAndEscalators/Domain/AssetId.php">
        <class name="Thomas\LiftsAndEscalators\Domain\AssetId" namespace="Thomas\LiftsAndEscalators\Domain">
          <metrics complexity="0" methods="0" coveredmethods="0" conditionals="0" coveredconditionals="0" statements="0" coveredstatements="0" elements="0" coveredelements="0"/>
        </class>
        <metrics loc="13" ncloc="12" classes="0" methods="0" coveredmethods="0" conditionals="0" coveredconditionals="0" statements="0" coveredstatements="0" elements="0" coveredelements="0"/>
      </file>
      <file name="/var/task/Thomas/LiftsAndEscalators/Domain/AssetStatus.php">
        <class name="Thomas\LiftsAndEscalators\Domain\AssetStatus" namespace="Thomas\LiftsAndEscalators\Domain">
          <metrics complexity="4" methods="4" coveredmethods="4" conditionals="0" coveredconditionals="0" statements="16" coveredstatements="16" elements="20" coveredelements="20"/>
        </class>
        <line num="14" type="method" name="__construct" visibility="public" complexity="1" crap="1" count="9"/>
        <line num="22" type="stmt" count="9"/>
        <line num="24" type="method" name="toArray" visibility="public" complexity="1" crap="1" count="4"/>
        <line num="26" type="stmt" count="4"/>
        <line num="27" type="stmt" count="4"/>
        <line num="28" type="stmt" count="4"/>
        <line num="29" type="stmt" count="4"/>
        <line num="30" type="stmt" count="4"/>
        <line num="31" type="stmt" count="4"/>
        <line num="32" type="stmt" count="4"/>
        <line num="35" type="method" name="jsonSerialize" visibility="public" complexity="1" crap="1" count="4"/>
        <line num="37" type="stmt" count="4"/>
        <line num="40" type="method" name="fromArray" visibility="public" complexity="1" crap="1" count="9"/>
        <line num="42" type="stmt" count="9"/>
        <line num="43" type="stmt" count="9"/>
        <line num="44" type="stmt" count="9"/>
        <line num="45" type="stmt" count="9"/>
        <line num="46" type="stmt" count="9"/>
        <line num="47" type="stmt" count="9"/>
        <line num="48" type="stmt" count="9"/>
        <metrics loc="51" ncloc="51" classes="1" methods="4" coveredmethods="4" conditionals="0" coveredconditionals="0" statements="16" coveredstatements="16" elements="20" coveredelements="20"/>
      </file>
      <file name="/var/task/Thomas/LiftsAndEscalators/Domain/AssetStatuses.php">
        <class name="Thomas\LiftsAndEscalators\Domain\AssetStatuses" namespace="Thomas\LiftsAndEscalators\Domain">
          <metrics complexity="0" methods="0" coveredmethods="0" conditionals="0" coveredconditionals="0" statements="0" coveredstatements="0" elements="0" coveredelements="0"/>
        </class>
        <metrics loc="14" ncloc="14" classes="0" methods="0" coveredmethods="0" conditionals="0" coveredconditionals="0" statements="0" coveredstatements="0" elements="0" coveredelements="0"/>
      </file>
      <file name="/var/task/Thomas/LiftsAndEscalators/Domain/Assets.php">
        <class name="Thomas\LiftsAndEscalators\Domain\Assets" namespace="Thomas\LiftsAndEscalators\Domain">
          <metrics complexity="2" methods="2" coveredmethods="2" conditionals="0" coveredconditionals="0" statements="2" coveredstatements="2" elements="4" coveredelements="4"/>
        </class>
        <line num="14" type="method" name="lifts" visibility="public" complexity="1" crap="1" count="1"/>
        <line num="16" type="stmt" count="1"/>
        <line num="19" type="method" name="escalators" visibility="public" complexity="1" crap="1" count="1"/>
        <line num="21" type="stmt" count="1"/>
        <metrics loc="24" ncloc="24" classes="1" methods="2" coveredmethods="2" conditionals="0" coveredconditionals="0" statements="2" coveredstatements="2" elements="4" coveredelements="4"/>
      </file>
      <file name="/var/task/Thomas/LiftsAndEscalators/Domain/Description.php">
        <class name="Thomas\LiftsAndEscalators\Domain\Description" namespace="Thomas\LiftsAndEscalators\Domain">
          <metrics complexity="0" methods="0" coveredmethods="0" conditionals="0" coveredconditionals="0" statements="0" coveredstatements="0" elements="0" coveredelements="0"/>
        </class>
        <metrics loc="13" ncloc="12" classes="0" methods="0" coveredmethods="0" conditionals="0" coveredconditionals="0" statements="0" coveredstatements="0" elements="0" coveredelements="0"/>
      </file>
      <file name="/var/task/Thomas/LiftsAndEscalators/Domain/DisplayName.php">
        <class name="Thomas\LiftsAndEscalators\Domain\DisplayName" namespace="Thomas\LiftsAndEscalators\Domain">
          <metrics complexity="0" methods="0" coveredmethods="0" conditionals="0" coveredconditionals="0" statements="0" coveredstatements="0" elements="0" coveredelements="0"/>
        </class>
        <metrics loc="13" ncloc="12" classes="0" methods="0" coveredmethods="0" conditionals="0" coveredconditionals="0" statements="0" coveredstatements="0" elements="0" coveredelements="0"/>
      </file>
      <file name="/var/task/Thomas/LiftsAndEscalators/Domain/Location.php">
        <class name="Thomas\LiftsAndEscalators\Domain\Location" namespace="Thomas\LiftsAndEscalators\Domain">
          <metrics complexity="0" methods="0" coveredmethods="0" conditionals="0" coveredconditionals="0" statements="0" coveredstatements="0" elements="0" coveredelements="0"/>
        </class>
        <metrics loc="13" ncloc="12" classes="0" methods="0" coveredmethods="0" conditionals="0" coveredconditionals="0" statements="0" coveredstatements="0" elements="0" coveredelements="0"/>
      </file>
      <file name="/var/task/Thomas/LiftsAndEscalators/Domain/PRN.php">
        <class name="Thomas\LiftsAndEscalators\Domain\PRN" namespace="Thomas\LiftsAndEscalators\Domain">
          <metrics complexity="0" methods="0" coveredmethods="0" conditionals="0" coveredconditionals="0" statements="0" coveredstatements="0" elements="0" coveredelements="0"/>
        </class>
        <metrics loc="13" ncloc="12" classes="0" methods="0" coveredmethods="0" conditionals="0" coveredconditionals="0" statements="0" coveredstatements="0" elements="0" coveredelements="0"/>
      </file>
      <file name="/var/task/Thomas/LiftsAndEscalators/Domain/SensorId.php">
        <class name="Thomas\LiftsAndEscalators\Domain\SensorId" namespace="Thomas\LiftsAndEscalators\Domain">
          <metrics complexity="0" methods="0" coveredmethods="0" conditionals="0" coveredconditionals="0" statements="0" coveredstatements="0" elements="0" coveredelements="0"/>
        </class>
        <metrics loc="13" ncloc="12" classes="0" methods="0" coveredmethods="0" conditionals="0" coveredconditionals="0" statements="0" coveredstatements="0" elements="0" coveredelements="0"/>
      </file>
      <file name="/var/task/Thomas/LiftsAndEscalators/Domain/Token.php">
        <class name="Thomas\LiftsAndEscalators\Domain\Token" namespace="Thomas\LiftsAndEscalators\Domain">
          <metrics complexity="0" methods="0" coveredmethods="0" conditionals="0" coveredconditionals="0" statements="0" coveredstatements="0" elements="0" coveredelements="0"/>
        </class>
        <metrics loc="13" ncloc="12" classes="0" methods="0" coveredmethods="0" conditionals="0" coveredconditionals="0" statements="0" coveredstatements="0" elements="0" coveredelements="0"/>
      </file>
    </package>
    <file name="/var/task/Thomas/LiftsAndEscalators/Domain/AssetType.php">
      <metrics loc="12" ncloc="12" classes="0" methods="0" coveredmethods="0" conditionals="0" coveredconditionals="0" statements="0" coveredstatements="0" elements="0" coveredelements="0"/>
    </file>
    <package name="Thomas\LiftsAndEscalators\Domain\Exceptions">
      <file name="/var/task/Thomas/LiftsAndEscalators/Domain/Exceptions/AssetNotFound.php">
        <class name="Thomas\LiftsAndEscalators\Domain\Exceptions\AssetNotFound" namespace="Thomas\LiftsAndEscalators\Domain\Exceptions">
          <metrics complexity="2" methods="2" coveredmethods="2" conditionals="0" coveredconditionals="0" statements="2" coveredstatements="2" elements="4" coveredelements="4"/>
        </class>
        <line num="12" type="method" name="__construct" visibility="private" complexity="1" crap="1" count="1"/>
        <line num="14" type="stmt" count="1"/>
        <line num="17" type="method" name="fromId" visibility="public" complexity="1" crap="1" count="1"/>
        <line num="19" type="stmt" count="1"/>
        <metrics loc="22" ncloc="22" classes="1" methods="2" coveredmethods="2" conditionals="0" coveredconditionals="0" statements="2" coveredstatements="2" elements="4" coveredelements="4"/>
      </file>
      <file name="/var/task/Thomas/LiftsAndEscalators/Domain/Exceptions/NoSensorsFound.php">
        <class name="Thomas\LiftsAndEscalators\Domain\Exceptions\NoSensorsFound" namespace="Thomas\LiftsAndEscalators\Domain\Exceptions">
          <metrics complexity="2" methods="2" coveredmethods="2" conditionals="0" coveredconditionals="0" statements="2" coveredstatements="2" elements="4" coveredelements="4"/>
        </class>
        <line num="11" type="method" name="__construct" visibility="private" complexity="1" crap="1" count="1"/>
        <line num="13" type="stmt" count="1"/>
        <line num="16" type="method" name="fromOffset" visibility="public" complexity="1" crap="1" count="1"/>
        <line num="18" type="stmt" count="1"/>
        <metrics loc="21" ncloc="21" classes="1" methods="2" coveredmethods="2" conditionals="0" coveredconditionals="0" statements="2" coveredstatements="2" elements="4" coveredelements="4"/>
      </file>
      <file name="/var/task/Thomas/LiftsAndEscalators/Domain/Exceptions/SensorNotFound.php">
        <class name="Thomas\LiftsAndEscalators\Domain\Exceptions\SensorNotFound" namespace="Thomas\LiftsAndEscalators\Domain\Exceptions">
          <metrics complexity="2" methods="2" coveredmethods="2" conditionals="0" coveredconditionals="0" statements="2" coveredstatements="2" elements="4" coveredelements="4"/>
        </class>
        <line num="12" type="method" name="__construct" visibility="private" complexity="1" crap="1" count="1"/>
        <line num="14" type="stmt" count="1"/>
        <line num="17" type="method" name="fromId" visibility="public" complexity="1" crap="1" count="1"/>
        <line num="19" type="stmt" count="1"/>
        <metrics loc="22" ncloc="22" classes="1" methods="2" coveredmethods="2" conditionals="0" coveredconditionals="0" statements="2" coveredstatements="2" elements="4" coveredelements="4"/>
      </file>
    </package>
    <file name="/var/task/Thomas/LiftsAndEscalators/Domain/LiftAndEscalatorClient.php">
      <metrics loc="22" ncloc="22" classes="0" methods="0" coveredmethods="0" conditionals="0" coveredconditionals="0" statements="0" coveredstatements="0" elements="0" coveredelements="0"/>
    </file>
    <file name="/var/task/Thomas/LiftsAndEscalators/Domain/Status.php">
      <metrics loc="13" ncloc="13" classes="0" methods="0" coveredmethods="0" conditionals="0" coveredconditionals="0" statements="0" coveredstatements="0" elements="0" coveredelements="0"/>
    </file>
    <file name="/var/task/Thomas/LiftsAndEscalators/Domain/TokenService.php">
      <metrics loc="11" ncloc="11" classes="0" methods="0" coveredmethods="0" conditionals="0" coveredconditionals="0" statements="0" coveredstatements="0" elements="0" coveredelements="0"/>
    </file>
    <package name="Thomas\LiftsAndEscalators\Infrastructure">
      <file name="/var/task/Thomas/LiftsAndEscalators/Infrastructure/HttpLiftAndEscalatorClient.php">
        <class name="Thomas\LiftsAndEscalators\Infrastructure\HttpLiftAndEscalatorClient" namespace="Thomas\LiftsAndEscalators\Infrastructure">
          <metrics complexity="15" methods="6" coveredmethods="6" conditionals="0" coveredconditionals="0" statements="80" coveredstatements="80" elements="86" coveredelements="86"/>
        </class>
        <line num="29" type="method" name="__construct" visibility="public" complexity="1" crap="1" count="18"/>
        <line num="33" type="stmt" count="18"/>
        <line num="35" type="method" name="getAssetsByStationCode" visibility="public" complexity="2" crap="2" count="7"/>
        <line num="37" type="stmt" count="7"/>
        <line num="38" type="stmt" count="7"/>
        <line num="39" type="stmt" count="7"/>
        <line num="40" type="stmt" count="7"/>
        <line num="42" type="stmt" count="7"/>
        <line num="43" type="stmt" count="1"/>
        <line num="44" type="stmt" count="1"/>
        <line num="45" type="stmt" count="1"/>
        <line num="46" type="stmt" count="1"/>
        <line num="48" type="stmt" count="1"/>
        <line num="51" type="stmt" count="6"/>
        <line num="52" type="stmt" count="6"/>
        <line num="53" type="stmt" count="6"/>
        <line num="54" type="stmt" count="6"/>
        <line num="55" type="stmt" count="6"/>
        <line num="56" type="stmt" count="6"/>
        <line num="59" type="method" name="assetToArray" visibility="private" complexity="1" crap="1" count="7"/>
        <line num="62" type="stmt" count="7"/>
        <line num="64" type="stmt" count="7"/>
        <line num="67" type="method" name="getAssetById" visibility="public" complexity="3" crap="3" count="3"/>
        <line num="69" type="stmt" count="3"/>
        <line num="70" type="stmt" count="3"/>
        <line num="71" type="stmt" count="3"/>
        <line num="72" type="stmt" count="3"/>
        <line num="74" type="stmt" count="3"/>
        <line num="75" type="stmt" count="1"/>
        <line num="76" type="stmt" count="1"/>
        <line num="77" type="stmt" count="1"/>
        <line num="78" type="stmt" count="1"/>
        <line num="80" type="stmt" count="1"/>
        <line num="83" type="stmt" count="2"/>
        <line num="84" type="stmt" count="1"/>
        <line num="87" type="stmt" count="1"/>
        <line num="90" type="method" name="getSensors" visibility="public" complexity="4" crap="4" count="4"/>
        <line num="93" type="stmt" count="4"/>
        <line num="94" type="stmt" count="4"/>
        <line num="95" type="stmt" count="4"/>
        <line num="96" type="stmt" count="4"/>
        <line num="97" type="stmt" count="4"/>
        <line num="99" type="stmt" count="1"/>
        <line num="102" type="stmt" count="1"/>
        <line num="103" type="stmt" count="1"/>
        <line num="105" type="stmt" count="1"/>
        <line num="106" type="stmt" count="1"/>
        <line num="107" type="stmt" count="1"/>
        <line num="108" type="stmt" count="1"/>
        <line num="109" type="stmt" count="1"/>
        <line num="112" type="stmt" count="3"/>
        <line num="113" type="stmt" count="1"/>
        <line num="114" type="stmt" count="1"/>
        <line num="115" type="stmt" count="1"/>
        <line num="116" type="stmt" count="1"/>
        <line num="118" type="stmt" count="1"/>
        <line num="121" type="stmt" count="2"/>
        <line num="122" type="stmt" count="1"/>
        <line num="125" type="stmt" count="1"/>
        <line num="126" type="stmt" count="1"/>
        <line num="127" type="stmt" count="1"/>
        <line num="128" type="stmt" count="1"/>
        <line num="129" type="stmt" count="1"/>
        <line num="130" type="stmt" count="1"/>
        <line num="133" type="method" name="getSensorById" visibility="public" complexity="4" crap="4" count="4"/>
        <line num="136" type="stmt" count="4"/>
        <line num="137" type="stmt" count="4"/>
        <line num="138" type="stmt" count="4"/>
        <line num="139" type="stmt" count="4"/>
        <line num="141" type="stmt" count="1"/>
        <line num="144" type="stmt" count="1"/>
        <line num="146" type="stmt" count="1"/>
        <line num="148" type="stmt" count="1"/>
        <line num="149" type="stmt" count="1"/>
        <line num="150" type="stmt" count="1"/>
        <line num="151" type="stmt" count="1"/>
        <line num="152" type="stmt" count="1"/>
        <line num="155" type="stmt" count="3"/>
        <line num="156" type="stmt" count="1"/>
        <line num="157" type="stmt" count="1"/>
        <line num="158" type="stmt" count="1"/>
        <line num="159" type="stmt" count="1"/>
        <line num="161" type="stmt" count="1"/>
        <line num="164" type="stmt" count="2"/>
        <line num="165" type="stmt" count="1"/>
        <line num="168" type="stmt" count="1"/>
        <metrics loc="171" ncloc="168" classes="1" methods="6" coveredmethods="6" conditionals="0" coveredconditionals="0" statements="80" coveredstatements="80" elements="86" coveredelements="86"/>
      </file>
      <file name="/var/task/Thomas/LiftsAndEscalators/Infrastructure/HttpTokenService.php">
        <class name="Thomas\LiftsAndEscalators\Infrastructure\HttpTokenService" namespace="Thomas\LiftsAndEscalators\Infrastructure">
          <metrics complexity="2" methods="2" coveredmethods="2" conditionals="0" coveredconditionals="0" statements="3" coveredstatements="3" elements="5" coveredelements="5"/>
        </class>
        <line num="13" type="method" name="__construct" visibility="public" complexity="1" crap="1" count="18"/>
        <line num="16" type="stmt" count="18"/>
        <line num="18" type="method" name="get" visibility="public" complexity="1" crap="1" count="18"/>
        <line num="20" type="stmt" count="18"/>
        <line num="22" type="stmt" count="18"/>
        <metrics loc="25" ncloc="25" classes="1" methods="2" coveredmethods="2" conditionals="0" coveredconditionals="0" statements="3" coveredstatements="3" elements="5" coveredelements="5"/>
      </file>
    </package>
    <package name="Thomas\News\Domain">
      <file name="/var/task/Thomas/News/Domain/DatePublished.php">
        <class name="Thomas\News\Domain\DatePublished" namespace="Thomas\News\Domain">
          <metrics complexity="0" methods="0" coveredmethods="0" conditionals="0" coveredconditionals="0" statements="0" coveredstatements="0" elements="0" coveredelements="0"/>
        </class>
        <metrics loc="13" ncloc="12" classes="0" methods="0" coveredmethods="0" conditionals="0" coveredconditionals="0" statements="0" coveredstatements="0" elements="0" coveredelements="0"/>
      </file>
      <file name="/var/task/Thomas/News/Domain/NewsItem.php">
        <class name="Thomas\News\Domain\NewsItem" namespace="Thomas\News\Domain">
          <metrics complexity="3" methods="3" coveredmethods="3" conditionals="0" coveredconditionals="0" statements="7" coveredstatements="7" elements="10" coveredelements="10"/>
        </class>
        <line num="15" type="method" name="__construct" visibility="public" complexity="1" crap="1" count="6"/>
        <line num="20" type="stmt" count="6"/>
        <line num="22" type="method" name="toArray" visibility="public" complexity="1" crap="1" count="4"/>
        <line num="24" type="stmt" count="4"/>
        <line num="25" type="stmt" count="4"/>
        <line num="26" type="stmt" count="4"/>
        <line num="27" type="stmt" count="4"/>
        <line num="28" type="stmt" count="4"/>
        <line num="31" type="method" name="jsonSerialize" visibility="public" complexity="1" crap="1" count="3"/>
        <line num="33" type="stmt" count="3"/>
        <metrics loc="36" ncloc="36" classes="1" methods="3" coveredmethods="3" conditionals="0" coveredconditionals="0" statements="7" coveredstatements="7" elements="10" coveredelements="10"/>
      </file>
      <file name="/var/task/Thomas/News/Domain/NewsItems.php">
        <class name="Thomas\News\Domain\NewsItems" namespace="Thomas\News\Domain">
          <metrics complexity="0" methods="0" coveredmethods="0" conditionals="0" coveredconditionals="0" statements="0" coveredstatements="0" elements="0" coveredelements="0"/>
        </class>
        <metrics loc="13" ncloc="13" classes="0" methods="0" coveredmethods="0" conditionals="0" coveredconditionals="0" statements="0" coveredstatements="0" elements="0" coveredelements="0"/>
      </file>
      <file name="/var/task/Thomas/News/Domain/NewsItemsOptions.php">
        <class name="Thomas\News\Domain\NewsItemsOptions" namespace="Thomas\News\Domain">
          <metrics complexity="5" methods="3" coveredmethods="3" conditionals="0" coveredconditionals="0" statements="15" coveredstatements="15" elements="18" coveredelements="18"/>
        </class>
        <line num="23" type="method" name="__construct" visibility="public" complexity="1" crap="1" count="5"/>
        <line num="29" type="stmt" count="5"/>
        <line num="31" type="method" name="getOffset" visibility="public" complexity="1" crap="1" count="5"/>
        <line num="33" type="stmt" count="5"/>
        <line num="36" type="method" name="fromRequest" visibility="public" complexity="3" crap="3" count="4"/>
        <line num="39" type="stmt" count="4"/>
        <line num="42" type="stmt" count="4"/>
        <line num="43" type="stmt" count="1"/>
        <line num="44" type="stmt" count="1"/>
        <line num="48" type="stmt" count="3"/>
        <line num="49" type="stmt" count="3"/>
        <line num="52" type="stmt" count="3"/>
        <line num="53" type="stmt" count="3"/>
        <line num="56" type="stmt" count="3"/>
        <line num="58" type="stmt" count="3"/>
        <line num="59" type="stmt" count="1"/>
        <line num="62" type="stmt" count="2"/>
        <line num="64" type="stmt" count="2"/>
        <metrics loc="67" ncloc="63" classes="1" methods="3" coveredmethods="3" conditionals="0" coveredconditionals="0" statements="15" coveredstatements="15" elements="18" coveredelements="18"/>
      </file>
      <file name="/var/task/Thomas/News/Domain/NewsService.php">
        <class name="Thomas\News\Domain\NewsService" namespace="Thomas\News\Domain">
          <metrics complexity="8" methods="6" coveredmethods="6" conditionals="0" coveredconditionals="0" statements="20" coveredstatements="20" elements="26" coveredelements="26"/>
        </class>
        <line num="18" type="method" name="__construct" visibility="public" complexity="1" crap="1" count="7"/>
        <line num="23" type="stmt" count="7"/>
        <line num="25" type="method" name="sort" visibility="private" complexity="2" crap="2" count="5"/>
        <line num="27" type="stmt" count="5"/>
        <line num="28" type="stmt" count="3"/>
        <line num="29" type="stmt" count="3"/>
        <line num="30" type="stmt" count="3"/>
        <line num="31" type="stmt" count="3"/>
        <line num="33" type="stmt" count="2"/>
        <line num="34" type="stmt" count="2"/>
        <line num="35" type="stmt" count="2"/>
        <line num="36" type="stmt" count="2"/>
        <line num="39" type="stmt" count="5"/>
        <line num="42" type="method" name="page" visibility="public" complexity="1" crap="1" count="5"/>
        <line num="44" type="stmt" count="5"/>
        <line num="46" type="stmt" count="5"/>
        <line num="49" type="method" name="count" visibility="public" complexity="1" crap="1" count="2"/>
        <line num="51" type="stmt" count="2"/>
        <line num="54" type="method" name="all" visibility="public" complexity="2" crap="2" count="5"/>
        <line num="57" type="stmt" count="5"/>
        <line num="59" type="stmt" count="5"/>
        <line num="60" type="stmt" count="4"/>
        <line num="61" type="stmt" count="4"/>
        <line num="64" type="stmt" count="5"/>
        <line num="67" type="method" name="xml" visibility="private" complexity="1" crap="1" count="4"/>
        <line num="70" type="stmt" count="4"/>
        <metrics loc="73" ncloc="71" classes="1" methods="6" coveredmethods="6" conditionals="0" coveredconditionals="0" statements="20" coveredstatements="20" elements="26" coveredelements="26"/>
      </file>
      <file name="/var/task/Thomas/News/Domain/RSSParser.php">
        <class name="Thomas\News\Domain\RSSParser" namespace="Thomas\News\Domain">
          <metrics complexity="2" methods="1" coveredmethods="1" conditionals="0" coveredconditionals="0" statements="8" coveredstatements="8" elements="9" coveredelements="9"/>
        </class>
        <line num="16" type="method" name="parse" visibility="public" complexity="2" crap="2" count="5"/>
        <line num="18" type="stmt" count="5"/>
        <line num="20" type="stmt" count="5"/>
        <line num="21" type="stmt" count="5"/>
        <line num="22" type="stmt" count="5"/>
        <line num="23" type="stmt" count="5"/>
        <line num="24" type="stmt" count="5"/>
        <line num="25" type="stmt" count="5"/>
        <line num="28" type="stmt" count="5"/>
        <metrics loc="31" ncloc="31" classes="1" methods="1" coveredmethods="1" conditionals="0" coveredconditionals="0" statements="8" coveredstatements="8" elements="9" coveredelements="9"/>
      </file>
      <file name="/var/task/Thomas/News/Domain/Title.php">
        <class name="Thomas\News\Domain\Title" namespace="Thomas\News\Domain">
          <metrics complexity="0" methods="0" coveredmethods="0" conditionals="0" coveredconditionals="0" statements="0" coveredstatements="0" elements="0" coveredelements="0"/>
        </class>
        <metrics loc="13" ncloc="12" classes="0" methods="0" coveredmethods="0" conditionals="0" coveredconditionals="0" statements="0" coveredstatements="0" elements="0" coveredelements="0"/>
      </file>
      <file name="/var/task/Thomas/News/Domain/Url.php">
        <class name="Thomas\News\Domain\Url" namespace="Thomas\News\Domain">
          <metrics complexity="2" methods="1" coveredmethods="1" conditionals="0" coveredconditionals="0" statements="2" coveredstatements="2" elements="3" coveredelements="3"/>
        </class>
        <line num="12" type="method" name="__construct" visibility="public" complexity="2" crap="2" count="8"/>
        <line num="15" type="stmt" count="8"/>
        <line num="16" type="stmt" count="1"/>
        <metrics loc="20" ncloc="20" classes="1" methods="1" coveredmethods="1" conditionals="0" coveredconditionals="0" statements="2" coveredstatements="2" elements="3" coveredelements="3"/>
      </file>
    </package>
    <package name="Thomas\News\Domain\Exceptions">
      <file name="/var/task/Thomas/News/Domain/Exceptions/InvalidUrl.php">
        <class name="Thomas\News\Domain\Exceptions\InvalidUrl" namespace="Thomas\News\Domain\Exceptions">
          <metrics complexity="2" methods="2" coveredmethods="2" conditionals="0" coveredconditionals="0" statements="2" coveredstatements="2" elements="4" coveredelements="4"/>
        </class>
        <line num="11" type="method" name="__construct" visibility="private" complexity="1" crap="1" count="1"/>
        <line num="13" type="stmt" count="1"/>
        <line num="16" type="method" name="fromString" visibility="public" complexity="1" crap="1" count="1"/>
        <line num="18" type="stmt" count="1"/>
        <metrics loc="21" ncloc="21" classes="1" methods="2" coveredmethods="2" conditionals="0" coveredconditionals="0" statements="2" coveredstatements="2" elements="4" coveredelements="4"/>
      </file>
    </package>
    <package name="Thomas\News\Infrastructure">
      <file name="/var/task/Thomas/News/Infrastructure/MockNewsFactory.php">
        <class name="Thomas\News\Infrastructure\MockNewsFactory" namespace="Thomas\News\Infrastructure">
          <metrics complexity="2" methods="2" coveredmethods="2" conditionals="0" coveredconditionals="0" statements="3" coveredstatements="3" elements="5" coveredelements="5"/>
        </class>
        <line num="11" type="method" name="makeXML" visibility="public" complexity="1" crap="1" count="1"/>
        <line num="13" type="stmt" count="1"/>
        <line num="16" type="method" name="makeContent" visibility="public" complexity="1" crap="1" count="2"/>
        <line num="18" type="stmt" count="2"/>
        <line num="64" type="stmt" count="2"/>
        <metrics loc="67" ncloc="67" classes="1" methods="2" coveredmethods="2" conditionals="0" coveredconditionals="0" statements="3" coveredstatements="3" elements="5" coveredelements="5"/>
      </file>
    </package>
    <package name="Thomas\RealTimeIncidents\Application\Commands">
      <file name="/var/task/Thomas/RealTimeIncidents/Application/Commands/AddIncident.php">
        <class name="Thomas\RealTimeIncidents\Application\Commands\AddIncident" namespace="Thomas\RealTimeIncidents\Application\Commands">
          <metrics complexity="2" methods="2" coveredmethods="2" conditionals="0" coveredconditionals="0" statements="6" coveredstatements="6" elements="8" coveredelements="8"/>
        </class>
        <line num="14" type="method" name="__construct" visibility="public" complexity="1" crap="1" count="5"/>
        <line num="19" type="stmt" count="5"/>
        <line num="21" type="method" name="toArray" visibility="public" complexity="1" crap="1" count="3"/>
        <line num="23" type="stmt" count="3"/>
        <line num="24" type="stmt" count="3"/>
        <line num="25" type="stmt" count="3"/>
        <line num="26" type="stmt" count="3"/>
        <line num="27" type="stmt" count="3"/>
        <metrics loc="30" ncloc="30" classes="1" methods="2" coveredmethods="2" conditionals="0" coveredconditionals="0" statements="6" coveredstatements="6" elements="8" coveredelements="8"/>
      </file>
      <file name="/var/task/Thomas/RealTimeIncidents/Application/Commands/RTICommandFactory.php">
        <class name="Thomas\RealTimeIncidents\Application\Commands\RTICommandFactory" namespace="Thomas\RealTimeIncidents\Application\Commands">
          <metrics complexity="5" methods="3" coveredmethods="3" conditionals="0" coveredconditionals="0" statements="9" coveredstatements="9" elements="12" coveredelements="12"/>
        </class>
        <line num="13" type="method" name="__construct" visibility="public" complexity="1" crap="1" count="24"/>
        <line num="16" type="stmt" count="24"/>
        <line num="18" type="method" name="make" visibility="public" complexity="2" crap="2" count="8"/>
        <line num="20" type="stmt" count="8"/>
        <line num="22" type="stmt" count="8"/>
        <line num="23" type="stmt" count="7"/>
        <line num="26" type="stmt" count="1"/>
        <line num="29" type="method" name="getConverter" visibility="private" complexity="2" crap="2" count="8"/>
        <line num="31" type="stmt" count="8"/>
        <line num="33" type="stmt" count="8"/>
        <line num="34" type="stmt" count="7"/>
        <line num="37" type="stmt" count="1"/>
        <metrics loc="40" ncloc="40" classes="1" methods="3" coveredmethods="3" conditionals="0" coveredconditionals="0" statements="9" coveredstatements="9" elements="12" coveredelements="12"/>
      </file>
      <file name="/var/task/Thomas/RealTimeIncidents/Application/Commands/RemoveIncident.php">
        <class name="Thomas\RealTimeIncidents\Application\Commands\RemoveIncident" namespace="Thomas\RealTimeIncidents\Application\Commands">
          <metrics complexity="2" methods="2" coveredmethods="2" conditionals="0" coveredconditionals="0" statements="5" coveredstatements="5" elements="7" coveredelements="7"/>
        </class>
        <line num="13" type="method" name="__construct" visibility="public" complexity="1" crap="1" count="5"/>
        <line num="17" type="stmt" count="5"/>
        <line num="19" type="method" name="toArray" visibility="public" complexity="1" crap="1" count="2"/>
        <line num="21" type="stmt" count="2"/>
        <line num="22" type="stmt" count="2"/>
        <line num="23" type="stmt" count="2"/>
        <line num="24" type="stmt" count="2"/>
        <metrics loc="27" ncloc="27" classes="1" methods="2" coveredmethods="2" conditionals="0" coveredconditionals="0" statements="5" coveredstatements="5" elements="7" coveredelements="7"/>
      </file>
      <file name="/var/task/Thomas/RealTimeIncidents/Application/Commands/UpdateIncident.php">
        <class name="Thomas\RealTimeIncidents\Application\Commands\UpdateIncident" namespace="Thomas\RealTimeIncidents\Application\Commands">
          <metrics complexity="2" methods="2" coveredmethods="2" conditionals="0" coveredconditionals="0" statements="6" coveredstatements="6" elements="8" coveredelements="8"/>
        </class>
        <line num="14" type="method" name="__construct" visibility="public" complexity="1" crap="1" count="5"/>
        <line num="19" type="stmt" count="5"/>
        <line num="21" type="method" name="toArray" visibility="public" complexity="1" crap="1" count="2"/>
        <line num="23" type="stmt" count="2"/>
        <line num="24" type="stmt" count="2"/>
        <line num="25" type="stmt" count="2"/>
        <line num="26" type="stmt" count="2"/>
        <line num="27" type="stmt" count="2"/>
        <metrics loc="30" ncloc="30" classes="1" methods="2" coveredmethods="2" conditionals="0" coveredconditionals="0" statements="6" coveredstatements="6" elements="8" coveredelements="8"/>
      </file>
    </package>
    <package name="Thomas\RealTimeIncidents\Application\Commands\Converters">
      <file name="/var/task/Thomas/RealTimeIncidents/Application/Commands/Converters/ModifiedMessageToCommand.php">
        <class name="Thomas\RealTimeIncidents\Application\Commands\Converters\ModifiedMessageToCommand" namespace="Thomas\RealTimeIncidents\Application\Commands\Converters">
          <metrics complexity="1" methods="1" coveredmethods="1" conditionals="0" coveredconditionals="0" statements="8" coveredstatements="8" elements="9" coveredelements="9"/>
        </class>
        <line num="17" type="method" name="convert" visibility="public" complexity="1" crap="1" count="2"/>
        <line num="19" type="stmt" count="2"/>
        <line num="20" type="stmt" count="2"/>
        <line num="22" type="stmt" count="2"/>
        <line num="23" type="stmt" count="2"/>
        <line num="24" type="stmt" count="2"/>
        <line num="25" type="stmt" count="2"/>
        <line num="26" type="stmt" count="2"/>
        <line num="28" type="stmt" count="2"/>
        <metrics loc="31" ncloc="31" classes="1" methods="1" coveredmethods="1" conditionals="0" coveredconditionals="0" statements="8" coveredstatements="8" elements="9" coveredelements="9"/>
      </file>
      <file name="/var/task/Thomas/RealTimeIncidents/Application/Commands/Converters/NewMessageToCommand.php">
        <class name="Thomas\RealTimeIncidents\Application\Commands\Converters\NewMessageToCommand" namespace="Thomas\RealTimeIncidents\Application\Commands\Converters">
          <metrics complexity="1" methods="1" coveredmethods="1" conditionals="0" coveredconditionals="0" statements="8" coveredstatements="8" elements="9" coveredelements="9"/>
        </class>
        <line num="17" type="method" name="convert" visibility="public" complexity="1" crap="1" count="3"/>
        <line num="19" type="stmt" count="3"/>
        <line num="20" type="stmt" count="3"/>
        <line num="22" type="stmt" count="3"/>
        <line num="23" type="stmt" count="3"/>
        <line num="24" type="stmt" count="3"/>
        <line num="25" type="stmt" count="3"/>
        <line num="26" type="stmt" count="3"/>
        <line num="28" type="stmt" count="3"/>
        <metrics loc="31" ncloc="31" classes="1" methods="1" coveredmethods="1" conditionals="0" coveredconditionals="0" statements="8" coveredstatements="8" elements="9" coveredelements="9"/>
      </file>
      <file name="/var/task/Thomas/RealTimeIncidents/Application/Commands/Converters/RemovedMessageToCommand.php">
        <class name="Thomas\RealTimeIncidents\Application\Commands\Converters\RemovedMessageToCommand" namespace="Thomas\RealTimeIncidents\Application\Commands\Converters">
          <metrics complexity="1" methods="1" coveredmethods="1" conditionals="0" coveredconditionals="0" statements="6" coveredstatements="6" elements="7" coveredelements="7"/>
        </class>
        <line num="16" type="method" name="convert" visibility="public" complexity="1" crap="1" count="2"/>
        <line num="18" type="stmt" count="2"/>
        <line num="20" type="stmt" count="2"/>
        <line num="21" type="stmt" count="2"/>
        <line num="22" type="stmt" count="2"/>
        <line num="23" type="stmt" count="2"/>
        <line num="25" type="stmt" count="2"/>
        <metrics loc="28" ncloc="28" classes="1" methods="1" coveredmethods="1" conditionals="0" coveredconditionals="0" statements="6" coveredstatements="6" elements="7" coveredelements="7"/>
      </file>
    </package>
    <package name="Thomas\RealTimeIncidents\Application\Commands\Handlers">
      <file name="/var/task/Thomas/RealTimeIncidents/Application/Commands/Handlers/AddIncidentCommandHandler.php">
        <class name="Thomas\RealTimeIncidents\Application\Commands\Handlers\AddIncidentCommandHandler" namespace="Thomas\RealTimeIncidents\Application\Commands\Handlers">
          <metrics complexity="1" methods="1" coveredmethods="1" conditionals="0" coveredconditionals="0" statements="6" coveredstatements="6" elements="7" coveredelements="7"/>
        </class>
        <line num="13" type="method" name="handleAddIncident" visibility="public" complexity="1" crap="1" count="3"/>
        <line num="15" type="stmt" count="3"/>
        <line num="16" type="stmt" count="3"/>
        <line num="17" type="stmt" count="3"/>
        <line num="18" type="stmt" count="3"/>
        <line num="19" type="stmt" count="3"/>
        <line num="21" type="stmt" count="3"/>
        <metrics loc="24" ncloc="24" classes="1" methods="1" coveredmethods="1" conditionals="0" coveredconditionals="0" statements="6" coveredstatements="6" elements="7" coveredelements="7"/>
      </file>
      <file name="/var/task/Thomas/RealTimeIncidents/Application/Commands/Handlers/IncidentCommandHandler.php">
        <class name="Thomas\RealTimeIncidents\Application\Commands\Handlers\IncidentCommandHandler" namespace="Thomas\RealTimeIncidents\Application\Commands\Handlers">
          <metrics complexity="1" methods="1" coveredmethods="1" conditionals="0" coveredconditionals="0" statements="1" coveredstatements="1" elements="2" coveredelements="2"/>
        </class>
        <line num="13" type="method" name="__construct" visibility="public" complexity="1" crap="1" count="64"/>
        <line num="16" type="stmt" count="64"/>
        <metrics loc="18" ncloc="18" classes="1" methods="1" coveredmethods="1" conditionals="0" coveredconditionals="0" statements="1" coveredstatements="1" elements="2" coveredelements="2"/>
      </file>
      <file name="/var/task/Thomas/RealTimeIncidents/Application/Commands/Handlers/RemoveIncidentCommandHandler.php">
        <class name="Thomas\RealTimeIncidents\Application\Commands\Handlers\RemoveIncidentCommandHandler" namespace="Thomas\RealTimeIncidents\Application\Commands\Handlers">
          <metrics complexity="2" methods="1" coveredmethods="1" conditionals="0" coveredconditionals="0" statements="5" coveredstatements="5" elements="6" coveredelements="6"/>
        </class>
        <line num="13" type="method" name="handleRemoveIncident" visibility="public" complexity="2" crap="2" count="3"/>
        <line num="16" type="stmt" count="3"/>
        <line num="17" type="stmt" count="1"/>
        <line num="20" type="stmt" count="1"/>
        <line num="23" type="stmt" count="2"/>
        <line num="25" type="stmt" count="2"/>
        <metrics loc="28" ncloc="26" classes="1" methods="1" coveredmethods="1" conditionals="0" coveredconditionals="0" statements="5" coveredstatements="5" elements="6" coveredelements="6"/>
      </file>
      <file name="/var/task/Thomas/RealTimeIncidents/Application/Commands/Handlers/UpdateIncidentCommandHandler.php">
        <class name="Thomas\RealTimeIncidents\Application\Commands\Handlers\UpdateIncidentCommandHandler" namespace="Thomas\RealTimeIncidents\Application\Commands\Handlers">
          <metrics complexity="2" methods="1" coveredmethods="1" conditionals="0" coveredconditionals="0" statements="14" coveredstatements="14" elements="15" coveredelements="15"/>
        </class>
        <line num="15" type="method" name="handleUpdateIncident" visibility="public" complexity="2" crap="2" count="3"/>
        <line num="18" type="stmt" count="3"/>
        <line num="19" type="stmt" count="1"/>
        <line num="22" type="stmt" count="1"/>
        <line num="23" type="stmt" count="1"/>
        <line num="24" type="stmt" count="1"/>
        <line num="25" type="stmt" count="1"/>
        <line num="26" type="stmt" count="1"/>
        <line num="28" type="stmt" count="1"/>
        <line num="31" type="stmt" count="3"/>
        <line num="32" type="stmt" count="3"/>
        <line num="33" type="stmt" count="3"/>
        <line num="34" type="stmt" count="3"/>
        <line num="35" type="stmt" count="3"/>
        <line num="37" type="stmt" count="3"/>
        <metrics loc="40" ncloc="39" classes="1" methods="1" coveredmethods="1" conditionals="0" coveredconditionals="0" statements="14" coveredstatements="14" elements="15" coveredelements="15"/>
      </file>
    </package>
    <file name="/var/task/Thomas/RealTimeIncidents/Application/Queries/GetIncidents.php">
      <metrics loc="13" ncloc="13" classes="0" methods="0" coveredmethods="0" conditionals="0" coveredconditionals="0" statements="0" coveredstatements="0" elements="0" coveredelements="0"/>
    </file>
    <package name="Thomas\RealTimeIncidents\Application">
      <file name="/var/task/Thomas/RealTimeIncidents/Application/RTIMessageRouter.php">
        <class name="Thomas\RealTimeIncidents\Application\RTIMessageRouter" namespace="Thomas\RealTimeIncidents\Application">
          <metrics complexity="3" methods="2" coveredmethods="2" conditionals="0" coveredconditionals="0" statements="4" coveredstatements="4" elements="6" coveredelements="6"/>
        </class>
        <line num="14" type="method" name="__construct" visibility="public" complexity="1" crap="1" count="23"/>
        <line num="18" type="stmt" count="23"/>
        <line num="20" type="method" name="route" visibility="public" complexity="2" crap="2" count="7"/>
        <line num="22" type="stmt" count="7"/>
        <line num="24" type="stmt" count="7"/>
        <line num="25" type="stmt" count="7"/>
        <metrics loc="29" ncloc="29" classes="1" methods="2" coveredmethods="2" conditionals="0" coveredconditionals="0" statements="4" coveredstatements="4" elements="6" coveredelements="6"/>
      </file>
    </package>
    <package name="Thomas\RealTimeIncidents\Domain">
      <file name="/var/task/Thomas/RealTimeIncidents/Domain/Body.php">
        <class name="Thomas\RealTimeIncidents\Domain\Body" namespace="Thomas\RealTimeIncidents\Domain">
          <metrics complexity="22" methods="14" coveredmethods="14" conditionals="0" coveredconditionals="0" statements="37" coveredstatements="37" elements="51" coveredelements="51"/>
        </class>
        <line num="19" type="method" name="__construct" visibility="public" complexity="1" crap="1" count="22"/>
        <line num="22" type="stmt" count="22"/>
        <line num="25" type="method" name="__toString" visibility="public" complexity="1" crap="1" count="7"/>
        <line num="27" type="stmt" count="7"/>
        <line num="30" type="method" name="summary" visibility="public" complexity="2" crap="2" count="6"/>
        <line num="32" type="stmt" count="6"/>
        <line num="35" type="method" name="description" visibility="public" complexity="2" crap="2" count="5"/>
        <line num="37" type="stmt" count="5"/>
        <line num="40" type="method" name="creationTime" visibility="public" complexity="2" crap="2" count="5"/>
        <line num="42" type="stmt" count="5"/>
        <line num="44" type="stmt" count="5"/>
        <line num="47" type="method" name="lastChanged" visibility="public" complexity="2" crap="2" count="5"/>
        <line num="49" type="stmt" count="5"/>
        <line num="51" type="stmt" count="5"/>
        <line num="54" type="method" name="startTime" visibility="public" complexity="2" crap="2" count="6"/>
        <line num="56" type="stmt" count="6"/>
        <line num="58" type="stmt" count="6"/>
        <line num="61" type="method" name="endTime" visibility="public" complexity="2" crap="2" count="6"/>
        <line num="63" type="stmt" count="6"/>
        <line num="65" type="stmt" count="6"/>
        <line num="68" type="method" name="cleared" visibility="public" complexity="1" crap="1" count="6"/>
        <line num="70" type="stmt" count="6"/>
        <line num="72" type="stmt" count="6"/>
        <line num="75" type="method" name="planned" visibility="public" complexity="1" crap="1" count="6"/>
        <line num="77" type="stmt" count="6"/>
        <line num="79" type="stmt" count="6"/>
        <line num="82" type="method" name="operators" visibility="public" complexity="2" crap="2" count="7"/>
        <line num="84" type="stmt" count="7"/>
        <line num="86" type="stmt" count="7"/>
        <line num="88" type="stmt" count="7"/>
        <line num="89" type="stmt" count="7"/>
        <line num="92" type="stmt" count="7"/>
        <line num="95" type="method" name="toArray" visibility="public" complexity="1" crap="1" count="5"/>
        <line num="97" type="stmt" count="5"/>
        <line num="98" type="stmt" count="5"/>
        <line num="99" type="stmt" count="5"/>
        <line num="100" type="stmt" count="5"/>
        <line num="101" type="stmt" count="5"/>
        <line num="102" type="stmt" count="5"/>
        <line num="103" type="stmt" count="5"/>
        <line num="104" type="stmt" count="5"/>
        <line num="105" type="stmt" count="5"/>
        <line num="106" type="stmt" count="5"/>
        <line num="107" type="stmt" count="5"/>
        <line num="110" type="method" name="jsonSerialize" visibility="public" complexity="1" crap="1" count="4"/>
        <line num="112" type="stmt" count="4"/>
        <line num="115" type="method" name="getAttribute" visibility="private" complexity="2" crap="2" count="7"/>
        <line num="117" type="stmt" count="7"/>
        <line num="119" type="stmt" count="7"/>
        <line num="120" type="stmt" count="7"/>
        <line num="123" type="stmt" count="5"/>
        <metrics loc="126" ncloc="126" classes="1" methods="14" coveredmethods="14" conditionals="0" coveredconditionals="0" statements="37" coveredstatements="37" elements="51" coveredelements="51"/>
      </file>
      <file name="/var/task/Thomas/RealTimeIncidents/Domain/CreationTime.php">
        <class name="Thomas\RealTimeIncidents\Domain\CreationTime" namespace="Thomas\RealTimeIncidents\Domain">
          <metrics complexity="0" methods="0" coveredmethods="0" conditionals="0" coveredconditionals="0" statements="0" coveredstatements="0" elements="0" coveredelements="0"/>
        </class>
        <metrics loc="13" ncloc="12" classes="0" methods="0" coveredmethods="0" conditionals="0" coveredconditionals="0" statements="0" coveredstatements="0" elements="0" coveredelements="0"/>
      </file>
      <file name="/var/task/Thomas/RealTimeIncidents/Domain/EndTime.php">
        <class name="Thomas\RealTimeIncidents\Domain\EndTime" namespace="Thomas\RealTimeIncidents\Domain">
          <metrics complexity="0" methods="0" coveredmethods="0" conditionals="0" coveredconditionals="0" statements="0" coveredstatements="0" elements="0" coveredelements="0"/>
        </class>
        <metrics loc="13" ncloc="12" classes="0" methods="0" coveredmethods="0" conditionals="0" coveredconditionals="0" statements="0" coveredstatements="0" elements="0" coveredelements="0"/>
      </file>
      <file name="/var/task/Thomas/RealTimeIncidents/Domain/Incident.php">
        <class name="Thomas\RealTimeIncidents\Domain\Incident" namespace="Thomas\RealTimeIncidents\Domain">
          <metrics complexity="4" methods="3" coveredmethods="3" conditionals="0" coveredconditionals="0" statements="9" coveredstatements="9" elements="12" coveredelements="12"/>
        </class>
[...]
        <line num="31" type="stmt" count="1"/>
        <metrics loc="34" ncloc="32" classes="1" methods="1" coveredmethods="1" conditionals="0" coveredconditionals="0" statements="9" coveredstatements="9" elements="10" coveredelements="10"/>
      </file>
      <file name="/var/task/app/Console/Commands/Users/RemoveUserByEmail.php">
        <class name="App\Console\Commands\Users\RemoveUserByEmail" namespace="App\Console\Commands\Users">
          <metrics complexity="7" methods="2" coveredmethods="1" conditionals="0" coveredconditionals="0" statements="11" coveredstatements="9" elements="13" coveredelements="10"/>
        </class>
        <line num="19" type="method" name="handle" visibility="public" complexity="1" crap="1" count="2"/>
        <line num="21" type="stmt" count="2"/>
        <line num="22" type="stmt" count="2"/>
        <line num="24" type="stmt" count="2"/>
        <line num="27" type="method" name="getEmail" visibility="private" complexity="6" crap="6.56" count="2"/>
        <line num="29" type="stmt" count="2"/>
        <line num="31" type="stmt" count="2"/>
        <line num="32" type="stmt" count="1"/>
        <line num="35" type="stmt" count="2"/>
        <line num="36" type="stmt" count="0"/>
        <line num="39" type="stmt" count="2"/>
        <line num="40" type="stmt" count="0"/>
        <line num="43" type="stmt" count="2"/>
        <metrics loc="46" ncloc="46" classes="1" methods="2" coveredmethods="1" conditionals="0" coveredconditionals="0" statements="11" coveredstatements="9" elements="13" coveredelements="10"/>
      </file>
    </package>
    <package name="App\Exceptions">
      <file name="/var/task/app/Exceptions/Handler.php">
        <class name="App\Exceptions\Handler" namespace="App\Exceptions">
          <metrics complexity="2" methods="2" coveredmethods="2" conditionals="0" coveredconditionals="0" statements="3" coveredstatements="3" elements="5" coveredelements="5"/>
        </class>
        <line num="60" type="method" name="register" visibility="public" complexity="1" crap="1" count="59"/>
        <line num="62" type="stmt" count="59"/>
        <line num="64" type="stmt" count="59"/>
        <line num="67" type="method" name="render" visibility="public" complexity="1" crap="1" count="16"/>
        <line num="69" type="stmt" count="16"/>
        <metrics loc="72" ncloc="51" classes="1" methods="2" coveredmethods="2" conditionals="0" coveredconditionals="0" statements="3" coveredstatements="3" elements="5" coveredelements="5"/>
      </file>
    </package>
    <package name="App\Http\Controllers">
      <file name="/var/task/app/Http/Controllers/BoardController.php">
        <class name="App\Http\Controllers\BoardController" namespace="App\Http\Controllers">
          <metrics complexity="4" methods="4" coveredmethods="4" conditionals="0" coveredconditionals="0" statements="4" coveredstatements="4" elements="8" coveredelements="8"/>
        </class>
        <line num="13" type="method" name="__construct" visibility="public" complexity="1" crap="1" count="4"/>
        <line num="16" type="stmt" count="4"/>
        <line num="18" type="method" name="departures" visibility="public" complexity="1" crap="1" count="2"/>
        <line num="20" type="stmt" count="2"/>
        <line num="23" type="method" name="departuresPlatform" visibility="public" complexity="1" crap="1" count="1"/>
        <line num="25" type="stmt" count="1"/>
        <line num="28" type="method" name="arrivals" visibility="public" complexity="1" crap="1" count="1"/>
        <line num="30" type="stmt" count="1"/>
        <metrics loc="33" ncloc="33" classes="1" methods="4" coveredmethods="4" conditionals="0" coveredconditionals="0" statements="4" coveredstatements="4" elements="8" coveredelements="8"/>
      </file>
      <file name="/var/task/app/Http/Controllers/Controller.php">
        <class name="App\Http\Controllers\Controller" namespace="App\Http\Controllers">
          <metrics complexity="0" methods="0" coveredmethods="0" conditionals="0" coveredconditionals="0" statements="0" coveredstatements="0" elements="0" coveredelements="0"/>
        </class>
        <metrics loc="16" ncloc="16" classes="0" methods="0" coveredmethods="0" conditionals="0" coveredconditionals="0" statements="0" coveredstatements="0" elements="0" coveredelements="0"/>
      </file>
      <file name="/var/task/app/Http/Controllers/NewsController.php">
        <class name="App\Http\Controllers\NewsController" namespace="App\Http\Controllers">
          <metrics complexity="1" methods="1" coveredmethods="1" conditionals="0" coveredconditionals="0" statements="8" coveredstatements="8" elements="9" coveredelements="9"/>
        </class>
        <line num="16" type="method" name="get" visibility="public" complexity="1" crap="1" count="4"/>
        <line num="18" type="stmt" count="4"/>
        <line num="20" type="stmt" count="2"/>
        <line num="22" type="stmt" count="2"/>
        <line num="23" type="stmt" count="2"/>
        <line num="24" type="stmt" count="2"/>
        <line num="25" type="stmt" count="2"/>
        <line num="26" type="stmt" count="2"/>
        <line num="28" type="stmt" count="2"/>
        <metrics loc="31" ncloc="31" classes="1" methods="1" coveredmethods="1" conditionals="0" coveredconditionals="0" statements="8" coveredstatements="8" elements="9" coveredelements="9"/>
      </file>
      <file name="/var/task/app/Http/Controllers/RealTimeIncidentsController.php">
        <class name="App\Http\Controllers\RealTimeIncidentsController" namespace="App\Http\Controllers">
          <metrics complexity="1" methods="1" coveredmethods="1" conditionals="0" coveredconditionals="0" statements="1" coveredstatements="1" elements="2" coveredelements="2"/>
        </class>
        <line num="12" type="method" name="get" visibility="public" complexity="1" crap="1" count="1"/>
        <line num="14" type="stmt" count="1"/>
        <metrics loc="17" ncloc="17" classes="1" methods="1" coveredmethods="1" conditionals="0" coveredconditionals="0" statements="1" coveredstatements="1" elements="2" coveredelements="2"/>
      </file>
      <file name="/var/task/app/Http/Controllers/ServiceIndicatorController.php">
        <class name="App\Http\Controllers\ServiceIndicatorController" namespace="App\Http\Controllers">
          <metrics complexity="1" methods="1" coveredmethods="1" conditionals="0" coveredconditionals="0" statements="4" coveredstatements="4" elements="5" coveredelements="5"/>
        </class>
        <line num="16" type="method" name="get" visibility="public" complexity="1" crap="1" count="5"/>
        <line num="18" type="stmt" count="5"/>
        <line num="20" type="stmt" count="1"/>
        <line num="22" type="stmt" count="1"/>
        <line num="24" type="stmt" count="1"/>
        <metrics loc="27" ncloc="27" classes="1" methods="1" coveredmethods="1" conditionals="0" coveredconditionals="0" statements="4" coveredstatements="4" elements="5" coveredelements="5"/>
      </file>
      <file name="/var/task/app/Http/Controllers/StationController.php">
        <class name="App\Http\Controllers\StationController" namespace="App\Http\Controllers">
          <metrics complexity="5" methods="5" coveredmethods="5" conditionals="0" coveredconditionals="0" statements="7" coveredstatements="7" elements="12" coveredelements="12"/>
        </class>
        <line num="18" type="method" name="search" visibility="public" complexity="1" crap="1" count="1"/>
        <line num="20" type="stmt" count="1"/>
        <line num="23" type="stmt" count="1"/>
        <line num="25" type="stmt" count="1"/>
        <line num="28" type="method" name="messages" visibility="public" complexity="1" crap="1" count="1"/>
        <line num="30" type="stmt" count="1"/>
        <line num="33" type="method" name="assets" visibility="public" complexity="1" crap="1" count="1"/>
        <line num="35" type="stmt" count="1"/>
        <line num="38" type="method" name="lifts" visibility="public" complexity="1" crap="1" count="1"/>
        <line num="40" type="stmt" count="1"/>
        <line num="43" type="method" name="escalators" visibility="public" complexity="1" crap="1" count="1"/>
        <line num="45" type="stmt" count="1"/>
        <metrics loc="48" ncloc="47" classes="1" methods="5" coveredmethods="5" conditionals="0" coveredconditionals="0" statements="7" coveredstatements="7" elements="12" coveredelements="12"/>
      </file>
      <file name="/var/task/app/Http/Controllers/TubeController.php">
        <class name="App\Http\Controllers\TubeController" namespace="App\Http\Controllers">
          <metrics complexity="3" methods="3" coveredmethods="3" conditionals="0" coveredconditionals="0" statements="3" coveredstatements="3" elements="6" coveredelements="6"/>
        </class>
        <line num="15" type="method" name="lines" visibility="public" complexity="1" crap="1" count="1"/>
        <line num="17" type="stmt" count="1"/>
        <line num="20" type="method" name="naptans" visibility="public" complexity="1" crap="1" count="1"/>
        <line num="22" type="stmt" count="1"/>
        <line num="25" type="method" name="arrivals" visibility="public" complexity="1" crap="1" count="1"/>
        <line num="27" type="stmt" count="1"/>
        <metrics loc="30" ncloc="30" classes="1" methods="3" coveredmethods="3" conditionals="0" coveredconditionals="0" statements="3" coveredstatements="3" elements="6" coveredelements="6"/>
      </file>
      <file name="/var/task/app/Http/Controllers/UserController.php">
        <class name="App\Http\Controllers\UserController" namespace="App\Http\Controllers">
          <metrics complexity="2" methods="2" coveredmethods="2" conditionals="0" coveredconditionals="0" statements="12" coveredstatements="12" elements="14" coveredelements="14"/>
        </class>
        <line num="19" type="method" name="add" visibility="public" complexity="1" crap="1" count="3"/>
        <line num="21" type="stmt" count="3"/>
        <line num="22" type="stmt" count="3"/>
        <line num="23" type="stmt" count="3"/>
        <line num="25" type="stmt" count="3"/>
        <line num="28" type="method" name="remove" visibility="public" complexity="1" crap="1" count="3"/>
        <line num="30" type="stmt" count="3"/>
        <line num="33" type="stmt" count="3"/>
        <line num="35" type="stmt" count="3"/>
        <line num="36" type="stmt" count="3"/>
        <line num="37" type="stmt" count="3"/>
        <line num="38" type="stmt" count="3"/>
        <line num="40" type="stmt" count="3"/>
        <line num="42" type="stmt" count="2"/>
        <metrics loc="45" ncloc="44" classes="1" methods="2" coveredmethods="2" conditionals="0" coveredconditionals="0" statements="12" coveredstatements="12" elements="14" coveredelements="14"/>
      </file>
    </package>
    <package name="App\Http">
      <file name="/var/task/app/Http/Kernel.php">
        <class name="App\Http\Kernel" namespace="App\Http">
          <metrics complexity="0" methods="0" coveredmethods="0" conditionals="0" coveredconditionals="0" statements="0" coveredstatements="0" elements="0" coveredelements="0"/>
        </class>
        <metrics loc="71" ncloc="50" classes="0" methods="0" coveredmethods="0" conditionals="0" coveredconditionals="0" statements="0" coveredstatements="0" elements="0" coveredelements="0"/>
      </file>
    </package>
    <package name="App\Http\Middleware">
      <file name="/var/task/app/Http/Middleware/EncryptCookies.php">
        <class name="App\Http\Middleware\EncryptCookies" namespace="App\Http\Middleware">
          <metrics complexity="0" methods="0" coveredmethods="0" conditionals="0" coveredconditionals="0" statements="0" coveredstatements="0" elements="0" coveredelements="0"/>
        </class>
        <metrics loc="20" ncloc="15" classes="0" methods="0" coveredmethods="0" conditionals="0" coveredconditionals="0" statements="0" coveredstatements="0" elements="0" coveredelements="0"/>
      </file>
      <file name="/var/task/app/Http/Middleware/FatController.php">
        <class name="App\Http\Middleware\FatController" namespace="App\Http\Middleware">
          <metrics complexity="2" methods="1" coveredmethods="1" conditionals="0" coveredconditionals="0" statements="6" coveredstatements="6" elements="7" coveredelements="7"/>
        </class>
        <line num="15" type="method" name="handle" visibility="public" complexity="2" crap="2" count="12"/>
        <line num="18" type="stmt" count="12"/>
        <line num="19" type="stmt" count="12"/>
        <line num="20" type="stmt" count="12"/>
        <line num="22" type="stmt" count="12"/>
        <line num="23" type="stmt" count="3"/>
        <line num="26" type="stmt" count="9"/>
        <metrics loc="29" ncloc="28" classes="1" methods="1" coveredmethods="1" conditionals="0" coveredconditionals="0" statements="6" coveredstatements="6" elements="7" coveredelements="7"/>
      </file>
      <file name="/var/task/app/Http/Middleware/PreventRequestsDuringMaintenance.php">
        <class name="App\Http\Middleware\PreventRequestsDuringMaintenance" namespace="App\Http\Middleware">
          <metrics complexity="0" methods="0" coveredmethods="0" conditionals="0" coveredconditionals="0" statements="0" coveredstatements="0" elements="0" coveredelements="0"/>
        </class>
        <metrics loc="20" ncloc="15" classes="0" methods="0" coveredmethods="0" conditionals="0" coveredconditionals="0" statements="0" coveredstatements="0" elements="0" coveredelements="0"/>
      </file>
      <file name="/var/task/app/Http/Middleware/TrimStrings.php">
        <class name="App\Http\Middleware\TrimStrings" namespace="App\Http\Middleware">
          <metrics complexity="0" methods="0" coveredmethods="0" conditionals="0" coveredconditionals="0" statements="0" coveredstatements="0" elements="0" coveredelements="0"/>
        </class>
        <metrics loc="22" ncloc="17" classes="0" methods="0" coveredmethods="0" conditionals="0" coveredconditionals="0" statements="0" coveredstatements="0" elements="0" coveredelements="0"/>
      </file>
      <file name="/var/task/app/Http/Middleware/TrustProxies.php">
        <class name="App\Http\Middleware\TrustProxies" namespace="App\Http\Middleware">
          <metrics complexity="0" methods="0" coveredmethods="0" conditionals="0" coveredconditionals="0" statements="0" coveredstatements="0" elements="0" coveredelements="0"/>
        </class>
        <metrics loc="31" ncloc="21" classes="0" methods="0" coveredmethods="0" conditionals="0" coveredconditionals="0" statements="0" coveredstatements="0" elements="0" coveredelements="0"/>
      </file>
      <file name="/var/task/app/Http/Middleware/ValidateSignature.php">
        <class name="App\Http\Middleware\ValidateSignature" namespace="App\Http\Middleware">
          <metrics complexity="0" methods="0" coveredmethods="0" conditionals="0" coveredconditionals="0" statements="0" coveredstatements="0" elements="0" coveredelements="0"/>
        </class>
        <metrics loc="25" ncloc="20" classes="0" methods="0" coveredmethods="0" conditionals="0" coveredconditionals="0" statements="0" coveredstatements="0" elements="0" coveredelements="0"/>
      </file>
      <file name="/var/task/app/Http/Middleware/VerifyCsrfToken.php">
        <class name="App\Http\Middleware\VerifyCsrfToken" namespace="App\Http\Middleware">
          <metrics complexity="0" methods="0" coveredmethods="0" conditionals="0" coveredconditionals="0" statements="0" coveredstatements="0" elements="0" coveredelements="0"/>
        </class>
        <metrics loc="20" ncloc="15" classes="0" methods="0" coveredmethods="0" conditionals="0" coveredconditionals="0" statements="0" coveredstatements="0" elements="0" coveredelements="0"/>
      </file>
    </package>
    <package name="App\Http\Requests">
      <file name="/var/task/app/Http/Requests/AddUserRequest.php">
        <class name="App\Http\Requests\AddUserRequest" namespace="App\Http\Requests">
          <metrics complexity="2" methods="2" coveredmethods="2" conditionals="0" coveredconditionals="0" statements="6" coveredstatements="6" elements="8" coveredelements="8"/>
        </class>
        <line num="16" type="method" name="authorize" visibility="public" complexity="1" crap="1" count="6"/>
        <line num="18" type="stmt" count="6"/>
        <line num="26" type="method" name="rules" visibility="public" complexity="1" crap="1" count="6"/>
        <line num="28" type="stmt" count="6"/>
        <line num="29" type="stmt" count="6"/>
        <line num="30" type="stmt" count="6"/>
        <line num="31" type="stmt" count="6"/>
        <line num="32" type="stmt" count="6"/>
        <metrics loc="35" ncloc="25" classes="1" methods="2" coveredmethods="2" conditionals="0" coveredconditionals="0" statements="6" coveredstatements="6" elements="8" coveredelements="8"/>
      </file>
      <file name="/var/task/app/Http/Requests/RemoveUserRequest.php">
        <class name="App\Http\Requests\RemoveUserRequest" namespace="App\Http\Requests">
          <metrics complexity="2" methods="2" coveredmethods="2" conditionals="0" coveredconditionals="0" statements="4" coveredstatements="4" elements="6" coveredelements="6"/>
        </class>
        <line num="16" type="method" name="authorize" visibility="public" complexity="1" crap="1" count="4"/>
        <line num="18" type="stmt" count="4"/>
        <line num="26" type="method" name="rules" visibility="public" complexity="1" crap="1" count="4"/>
        <line num="28" type="stmt" count="4"/>
        <line num="29" type="stmt" count="4"/>
        <line num="30" type="stmt" count="4"/>
        <metrics loc="33" ncloc="23" classes="1" methods="2" coveredmethods="2" conditionals="0" coveredconditionals="0" statements="4" coveredstatements="4" elements="6" coveredelements="6"/>
      </file>
      <file name="/var/task/app/Http/Requests/SearchStationRequest.php">
        <class name="App\Http\Requests\SearchStationRequest" namespace="App\Http\Requests">
          <metrics complexity="3" methods="3" coveredmethods="3" conditionals="0" coveredconditionals="0" statements="8" coveredstatements="8" elements="11" coveredelements="11"/>
        </class>
        <line num="16" type="method" name="authorize" visibility="public" complexity="1" crap="1" count="3"/>
        <line num="18" type="stmt" count="3"/>
        <line num="26" type="method" name="rules" visibility="public" complexity="1" crap="1" count="3"/>
        <line num="28" type="stmt" count="3"/>
        <line num="29" type="stmt" count="3"/>
        <line num="30" type="stmt" count="3"/>
        <line num="33" type="method" name="messages" visibility="public" complexity="1" crap="1" count="3"/>
        <line num="35" type="stmt" count="3"/>
        <line num="36" type="stmt" count="3"/>
        <line num="37" type="stmt" count="3"/>
        <line num="38" type="stmt" count="3"/>
        <metrics loc="41" ncloc="31" classes="1" methods="3" coveredmethods="3" conditionals="0" coveredconditionals="0" statements="8" coveredstatements="8" elements="11" coveredelements="11"/>
      </file>
    </package>
    <package name="App\Models">
      <file name="/var/task/app/Models/User.php">
        <class name="App\Models\User" namespace="App\Models">
          <metrics complexity="0" methods="0" coveredmethods="0" conditionals="0" coveredconditionals="0" statements="0" coveredstatements="0" elements="0" coveredelements="0"/>
        </class>
        <metrics loc="47" ncloc="31" classes="0" methods="0" coveredmethods="0" conditionals="0" coveredconditionals="0" statements="0" coveredstatements="0" elements="0" coveredelements="0"/>
      </file>
    </package>
    <metrics files="245" loc="8651" ncloc="8401" classes="166" methods="467" coveredmethods="445" conditionals="0" coveredconditionals="0" statements="1855" coveredstatements="1765" elements="2322" coveredelements="2210"/>
  </project>
</coverage>
